2017-02-19 16:04:03 Error: Fatal Error (1): Call to undefined method UtilComponent::debuig() in [E:\xampp\htdocs\rsudinhil\app\Controller\PostsController.php, line 73]
2017-02-19 16:04:03 Error: [InternalErrorException] Internal Server Error
Request URL: /posts/add
Stack Trace:
#0 E:\xampp\htdocs\rsudinhil\Lib\Cake\Error\ErrorHandler.php(203): ErrorHandler::handleFatalError(1, 'Call to undefin...', 'E:\\xampp\\htdocs...', 73)
#1 [internal function]: ErrorHandler::handleError(1, 'Call to undefin...', 'E:\\xampp\\htdocs...', 73, Array)
#2 E:\xampp\htdocs\rsudinhil\Lib\Cake\Core\App.php(929): call_user_func('ErrorHandler::h...', 1, 'Call to undefin...', 'E:\\xampp\\htdocs...', 73, Array)
#3 E:\xampp\htdocs\rsudinhil\Lib\Cake\Core\App.php(902): App::_checkFatalError()
#4 [internal function]: App::shutdown()
#5 {main}
2017-02-19 10:04:05 Error: [MissingControllerException] Controller class CssController could not be found.
Exception Attributes: array (
  'class' => 'CssController',
  'plugin' => NULL,
)
Request URL: /css/jquery.treegrid.css
Stack Trace:
#0 E:\xampp\htdocs\rsudinhil\app\webroot\index.php(96): Dispatcher->dispatch(Object(CakeRequest), Object(CakeResponse))
#1 {main}
2017-02-19 10:04:05 Error: [MissingControllerException] Controller class CssController could not be found.
Exception Attributes: array (
  'class' => 'CssController',
  'plugin' => NULL,
)
Request URL: /css/validationEngine.jquery.css
Stack Trace:
#0 E:\xampp\htdocs\rsudinhil\app\webroot\index.php(96): Dispatcher->dispatch(Object(CakeRequest), Object(CakeResponse))
#1 {main}
2017-02-19 16:04:06 Error: [MissingActionException] Action PostsController::custom.css() could not be found.
Exception Attributes: array (
  'controller' => 'PostsController',
  'action' => 'custom.css',
)
Request URL: /posts/custom.css
Stack Trace:
#0 E:\xampp\htdocs\rsudinhil\Lib\Cake\Routing\Dispatcher.php(191): Controller->invokeAction(Object(CakeRequest))
#1 E:\xampp\htdocs\rsudinhil\Lib\Cake\Routing\Dispatcher.php(165): Dispatcher->_invoke(Object(PostsController), Object(CakeRequest))
#2 E:\xampp\htdocs\rsudinhil\app\webroot\index.php(96): Dispatcher->dispatch(Object(CakeRequest), Object(CakeResponse))
#3 {main}
2017-02-19 16:04:10 Error: [MissingActionException] Action PostsController::img() could not be found.
Exception Attributes: array (
  'controller' => 'PostsController',
  'action' => 'img',
)
Request URL: /posts/img/av4.png
Stack Trace:
#0 E:\xampp\htdocs\rsudinhil\Lib\Cake\Routing\Dispatcher.php(191): Controller->invokeAction(Object(CakeRequest))
#1 E:\xampp\htdocs\rsudinhil\Lib\Cake\Routing\Dispatcher.php(165): Dispatcher->_invoke(Object(PostsController), Object(CakeRequest))
#2 E:\xampp\htdocs\rsudinhil\app\webroot\index.php(96): Dispatcher->dispatch(Object(CakeRequest), Object(CakeResponse))
#3 {main}
2017-02-19 16:04:12 Error: [MissingActionException] Action PostsController::img() could not be found.
Exception Attributes: array (
  'controller' => 'PostsController',
  'action' => 'img',
)
Request URL: /posts/img/av6.png
Stack Trace:
#0 E:\xampp\htdocs\rsudinhil\Lib\Cake\Routing\Dispatcher.php(191): Controller->invokeAction(Object(CakeRequest))
#1 E:\xampp\htdocs\rsudinhil\Lib\Cake\Routing\Dispatcher.php(165): Dispatcher->_invoke(Object(PostsController), Object(CakeRequest))
#2 E:\xampp\htdocs\rsudinhil\app\webroot\index.php(96): Dispatcher->dispatch(Object(CakeRequest), Object(CakeResponse))
#3 {main}
2017-02-19 16:04:14 Error: [MissingActionException] Action PostsController::img() could not be found.
Exception Attributes: array (
  'controller' => 'PostsController',
  'action' => 'img',
)
Request URL: /posts/img/av2.png
Stack Trace:
#0 E:\xampp\htdocs\rsudinhil\Lib\Cake\Routing\Dispatcher.php(191): Controller->invokeAction(Object(CakeRequest))
#1 E:\xampp\htdocs\rsudinhil\Lib\Cake\Routing\Dispatcher.php(165): Dispatcher->_invoke(Object(PostsController), Object(CakeRequest))
#2 E:\xampp\htdocs\rsudinhil\app\webroot\index.php(96): Dispatcher->dispatch(Object(CakeRequest), Object(CakeResponse))
#3 {main}
2017-02-19 16:04:15 Error: [MissingActionException] Action PostsController::img() could not be found.
Exception Attributes: array (
  'controller' => 'PostsController',
  'action' => 'img',
)
Request URL: /posts/img/av3.png
Stack Trace:
#0 E:\xampp\htdocs\rsudinhil\Lib\Cake\Routing\Dispatcher.php(191): Controller->invokeAction(Object(CakeRequest))
#1 E:\xampp\htdocs\rsudinhil\Lib\Cake\Routing\Dispatcher.php(165): Dispatcher->_invoke(Object(PostsController), Object(CakeRequest))
#2 E:\xampp\htdocs\rsudinhil\app\webroot\index.php(96): Dispatcher->dispatch(Object(CakeRequest), Object(CakeResponse))
#3 {main}
2017-02-19 16:04:16 Error: [MissingActionException] Action PostsController::img() could not be found.
Exception Attributes: array (
  'controller' => 'PostsController',
  'action' => 'img',
)
Request URL: /posts/img/av5.png
Stack Trace:
#0 E:\xampp\htdocs\rsudinhil\Lib\Cake\Routing\Dispatcher.php(191): Controller->invokeAction(Object(CakeRequest))
#1 E:\xampp\htdocs\rsudinhil\Lib\Cake\Routing\Dispatcher.php(165): Dispatcher->_invoke(Object(PostsController), Object(CakeRequest))
#2 E:\xampp\htdocs\rsudinhil\app\webroot\index.php(96): Dispatcher->dispatch(Object(CakeRequest), Object(CakeResponse))
#3 {main}
2017-02-19 10:05:19 Error: [MissingControllerException] Controller class Custom.cssController could not be found.
Exception Attributes: array (
  'class' => 'Custom.cssController',
  'plugin' => NULL,
)
Request URL: /custom.css
Stack Trace:
#0 E:\xampp\htdocs\rsudinhil\app\webroot\index.php(96): Dispatcher->dispatch(Object(CakeRequest), Object(CakeResponse))
#1 {main}
2017-02-19 10:05:19 Error: [MissingControllerException] Controller class CssController could not be found.
Exception Attributes: array (
  'class' => 'CssController',
  'plugin' => NULL,
)
Request URL: /css/validationEngine.jquery.css
Stack Trace:
#0 E:\xampp\htdocs\rsudinhil\app\webroot\index.php(96): Dispatcher->dispatch(Object(CakeRequest), Object(CakeResponse))
#1 {main}
2017-02-19 10:05:19 Error: [MissingControllerException] Controller class CssController could not be found.
Exception Attributes: array (
  'class' => 'CssController',
  'plugin' => NULL,
)
Request URL: /css/jquery.treegrid.css
Stack Trace:
#0 E:\xampp\htdocs\rsudinhil\app\webroot\index.php(96): Dispatcher->dispatch(Object(CakeRequest), Object(CakeResponse))
#1 {main}
2017-02-19 10:05:44 Error: [MissingControllerException] Controller class CssController could not be found.
Exception Attributes: array (
  'class' => 'CssController',
  'plugin' => NULL,
)
Request URL: /css/validationEngine.jquery.css
Stack Trace:
#0 E:\xampp\htdocs\rsudinhil\app\webroot\index.php(96): Dispatcher->dispatch(Object(CakeRequest), Object(CakeResponse))
#1 {main}
2017-02-19 10:05:44 Error: [MissingControllerException] Controller class CssController could not be found.
Exception Attributes: array (
  'class' => 'CssController',
  'plugin' => NULL,
)
Request URL: /css/jquery.treegrid.css
Stack Trace:
#0 E:\xampp\htdocs\rsudinhil\app\webroot\index.php(96): Dispatcher->dispatch(Object(CakeRequest), Object(CakeResponse))
#1 {main}
2017-02-19 16:05:44 Error: [MissingActionException] Action PostsController::custom.css() could not be found.
Exception Attributes: array (
  'controller' => 'PostsController',
  'action' => 'custom.css',
)
Request URL: /posts/custom.css
Stack Trace:
#0 E:\xampp\htdocs\rsudinhil\Lib\Cake\Routing\Dispatcher.php(191): Controller->invokeAction(Object(CakeRequest))
#1 E:\xampp\htdocs\rsudinhil\Lib\Cake\Routing\Dispatcher.php(165): Dispatcher->_invoke(Object(PostsController), Object(CakeRequest))
#2 E:\xampp\htdocs\rsudinhil\app\webroot\index.php(96): Dispatcher->dispatch(Object(CakeRequest), Object(CakeResponse))
#3 {main}
2017-02-19 16:05:49 Error: [MissingActionException] Action PostsController::img() could not be found.
Exception Attributes: array (
  'controller' => 'PostsController',
  'action' => 'img',
)
Request URL: /posts/img/av5.png
Stack Trace:
#0 E:\xampp\htdocs\rsudinhil\Lib\Cake\Routing\Dispatcher.php(191): Controller->invokeAction(Object(CakeRequest))
#1 E:\xampp\htdocs\rsudinhil\Lib\Cake\Routing\Dispatcher.php(165): Dispatcher->_invoke(Object(PostsController), Object(CakeRequest))
#2 E:\xampp\htdocs\rsudinhil\app\webroot\index.php(96): Dispatcher->dispatch(Object(CakeRequest), Object(CakeResponse))
#3 {main}
2017-02-19 16:05:50 Error: [MissingActionException] Action PostsController::img() could not be found.
Exception Attributes: array (
  'controller' => 'PostsController',
  'action' => 'img',
)
Request URL: /posts/img/av6.png
Stack Trace:
#0 E:\xampp\htdocs\rsudinhil\Lib\Cake\Routing\Dispatcher.php(191): Controller->invokeAction(Object(CakeRequest))
#1 E:\xampp\htdocs\rsudinhil\Lib\Cake\Routing\Dispatcher.php(165): Dispatcher->_invoke(Object(PostsController), Object(CakeRequest))
#2 E:\xampp\htdocs\rsudinhil\app\webroot\index.php(96): Dispatcher->dispatch(Object(CakeRequest), Object(CakeResponse))
#3 {main}
2017-02-19 16:05:52 Error: [MissingActionException] Action PostsController::img() could not be found.
Exception Attributes: array (
  'controller' => 'PostsController',
  'action' => 'img',
)
Request URL: /posts/img/av3.png
Stack Trace:
#0 E:\xampp\htdocs\rsudinhil\Lib\Cake\Routing\Dispatcher.php(191): Controller->invokeAction(Object(CakeRequest))
#1 E:\xampp\htdocs\rsudinhil\Lib\Cake\Routing\Dispatcher.php(165): Dispatcher->_invoke(Object(PostsController), Object(CakeRequest))
#2 E:\xampp\htdocs\rsudinhil\app\webroot\index.php(96): Dispatcher->dispatch(Object(CakeRequest), Object(CakeResponse))
#3 {main}
2017-02-19 16:05:53 Error: [MissingActionException] Action PostsController::img() could not be found.
Exception Attributes: array (
  'controller' => 'PostsController',
  'action' => 'img',
)
Request URL: /posts/img/av2.png
Stack Trace:
#0 E:\xampp\htdocs\rsudinhil\Lib\Cake\Routing\Dispatcher.php(191): Controller->invokeAction(Object(CakeRequest))
#1 E:\xampp\htdocs\rsudinhil\Lib\Cake\Routing\Dispatcher.php(165): Dispatcher->_invoke(Object(PostsController), Object(CakeRequest))
#2 E:\xampp\htdocs\rsudinhil\app\webroot\index.php(96): Dispatcher->dispatch(Object(CakeRequest), Object(CakeResponse))
#3 {main}
2017-02-19 16:05:54 Error: [MissingActionException] Action PostsController::img() could not be found.
Exception Attributes: array (
  'controller' => 'PostsController',
  'action' => 'img',
)
Request URL: /posts/img/av4.png
Stack Trace:
#0 E:\xampp\htdocs\rsudinhil\Lib\Cake\Routing\Dispatcher.php(191): Controller->invokeAction(Object(CakeRequest))
#1 E:\xampp\htdocs\rsudinhil\Lib\Cake\Routing\Dispatcher.php(165): Dispatcher->_invoke(Object(PostsController), Object(CakeRequest))
#2 E:\xampp\htdocs\rsudinhil\app\webroot\index.php(96): Dispatcher->dispatch(Object(CakeRequest), Object(CakeResponse))
#3 {main}
2017-02-19 16:05:56 Error: [MissingActionException] Action PostsController::custom.css() could not be found.
Exception Attributes: array (
  'controller' => 'PostsController',
  'action' => 'custom.css',
)
Request URL: /posts/custom.css
Stack Trace:
#0 E:\xampp\htdocs\rsudinhil\Lib\Cake\Routing\Dispatcher.php(191): Controller->invokeAction(Object(CakeRequest))
#1 E:\xampp\htdocs\rsudinhil\Lib\Cake\Routing\Dispatcher.php(165): Dispatcher->_invoke(Object(PostsController), Object(CakeRequest))
#2 E:\xampp\htdocs\rsudinhil\app\webroot\index.php(96): Dispatcher->dispatch(Object(CakeRequest), Object(CakeResponse))
#3 {main}
2017-02-19 10:05:57 Error: [MissingControllerException] Controller class CssController could not be found.
Exception Attributes: array (
  'class' => 'CssController',
  'plugin' => NULL,
)
Request URL: /css/validationEngine.jquery.css
Stack Trace:
#0 E:\xampp\htdocs\rsudinhil\app\webroot\index.php(96): Dispatcher->dispatch(Object(CakeRequest), Object(CakeResponse))
#1 {main}
2017-02-19 10:05:57 Error: [MissingControllerException] Controller class CssController could not be found.
Exception Attributes: array (
  'class' => 'CssController',
  'plugin' => NULL,
)
Request URL: /css/jquery.treegrid.css
Stack Trace:
#0 E:\xampp\htdocs\rsudinhil\app\webroot\index.php(96): Dispatcher->dispatch(Object(CakeRequest), Object(CakeResponse))
#1 {main}
2017-02-19 16:06:01 Error: [MissingActionException] Action PostsController::img() could not be found.
Exception Attributes: array (
  'controller' => 'PostsController',
  'action' => 'img',
)
Request URL: /posts/img/av5.png
Stack Trace:
#0 E:\xampp\htdocs\rsudinhil\Lib\Cake\Routing\Dispatcher.php(191): Controller->invokeAction(Object(CakeRequest))
#1 E:\xampp\htdocs\rsudinhil\Lib\Cake\Routing\Dispatcher.php(165): Dispatcher->_invoke(Object(PostsController), Object(CakeRequest))
#2 E:\xampp\htdocs\rsudinhil\app\webroot\index.php(96): Dispatcher->dispatch(Object(CakeRequest), Object(CakeResponse))
#3 {main}
2017-02-19 16:06:03 Error: [MissingActionException] Action PostsController::img() could not be found.
Exception Attributes: array (
  'controller' => 'PostsController',
  'action' => 'img',
)
Request URL: /posts/img/av2.png
Stack Trace:
#0 E:\xampp\htdocs\rsudinhil\Lib\Cake\Routing\Dispatcher.php(191): Controller->invokeAction(Object(CakeRequest))
#1 E:\xampp\htdocs\rsudinhil\Lib\Cake\Routing\Dispatcher.php(165): Dispatcher->_invoke(Object(PostsController), Object(CakeRequest))
#2 E:\xampp\htdocs\rsudinhil\app\webroot\index.php(96): Dispatcher->dispatch(Object(CakeRequest), Object(CakeResponse))
#3 {main}
2017-02-19 16:06:04 Error: [MissingActionException] Action PostsController::img() could not be found.
Exception Attributes: array (
  'controller' => 'PostsController',
  'action' => 'img',
)
Request URL: /posts/img/av6.png
Stack Trace:
#0 E:\xampp\htdocs\rsudinhil\Lib\Cake\Routing\Dispatcher.php(191): Controller->invokeAction(Object(CakeRequest))
#1 E:\xampp\htdocs\rsudinhil\Lib\Cake\Routing\Dispatcher.php(165): Dispatcher->_invoke(Object(PostsController), Object(CakeRequest))
#2 E:\xampp\htdocs\rsudinhil\app\webroot\index.php(96): Dispatcher->dispatch(Object(CakeRequest), Object(CakeResponse))
#3 {main}
2017-02-19 16:06:06 Error: [MissingActionException] Action PostsController::img() could not be found.
Exception Attributes: array (
  'controller' => 'PostsController',
  'action' => 'img',
)
Request URL: /posts/img/av3.png
Stack Trace:
#0 E:\xampp\htdocs\rsudinhil\Lib\Cake\Routing\Dispatcher.php(191): Controller->invokeAction(Object(CakeRequest))
#1 E:\xampp\htdocs\rsudinhil\Lib\Cake\Routing\Dispatcher.php(165): Dispatcher->_invoke(Object(PostsController), Object(CakeRequest))
#2 E:\xampp\htdocs\rsudinhil\app\webroot\index.php(96): Dispatcher->dispatch(Object(CakeRequest), Object(CakeResponse))
#3 {main}
2017-02-19 16:06:07 Error: [MissingActionException] Action PostsController::img() could not be found.
Exception Attributes: array (
  'controller' => 'PostsController',
  'action' => 'img',
)
Request URL: /posts/img/av4.png
Stack Trace:
#0 E:\xampp\htdocs\rsudinhil\Lib\Cake\Routing\Dispatcher.php(191): Controller->invokeAction(Object(CakeRequest))
#1 E:\xampp\htdocs\rsudinhil\Lib\Cake\Routing\Dispatcher.php(165): Dispatcher->_invoke(Object(PostsController), Object(CakeRequest))
#2 E:\xampp\htdocs\rsudinhil\app\webroot\index.php(96): Dispatcher->dispatch(Object(CakeRequest), Object(CakeResponse))
#3 {main}
2017-02-19 10:10:24 Error: [MissingControllerException] Controller class Custom.cssController could not be found.
Exception Attributes: array (
  'class' => 'Custom.cssController',
  'plugin' => NULL,
)
Request URL: /custom.css
Stack Trace:
#0 E:\xampp\htdocs\rsudinhil\app\webroot\index.php(96): Dispatcher->dispatch(Object(CakeRequest), Object(CakeResponse))
#1 {main}
2017-02-19 10:10:24 Error: [MissingControllerException] Controller class CssController could not be found.
Exception Attributes: array (
  'class' => 'CssController',
  'plugin' => NULL,
)
Request URL: /css/validationEngine.jquery.css
Stack Trace:
#0 E:\xampp\htdocs\rsudinhil\app\webroot\index.php(96): Dispatcher->dispatch(Object(CakeRequest), Object(CakeResponse))
#1 {main}
2017-02-19 10:10:24 Error: [MissingControllerException] Controller class CssController could not be found.
Exception Attributes: array (
  'class' => 'CssController',
  'plugin' => NULL,
)
Request URL: /css/jquery.treegrid.css
Stack Trace:
#0 E:\xampp\htdocs\rsudinhil\app\webroot\index.php(96): Dispatcher->dispatch(Object(CakeRequest), Object(CakeResponse))
#1 {main}
2017-02-19 10:11:13 Error: [MissingControllerException] Controller class CssController could not be found.
Exception Attributes: array (
  'class' => 'CssController',
  'plugin' => NULL,
)
Request URL: /css/validationEngine.jquery.css
Stack Trace:
#0 E:\xampp\htdocs\rsudinhil\app\webroot\index.php(96): Dispatcher->dispatch(Object(CakeRequest), Object(CakeResponse))
#1 {main}
2017-02-19 10:11:13 Error: [MissingControllerException] Controller class CssController could not be found.
Exception Attributes: array (
  'class' => 'CssController',
  'plugin' => NULL,
)
Request URL: /css/jquery.treegrid.css
Stack Trace:
#0 E:\xampp\htdocs\rsudinhil\app\webroot\index.php(96): Dispatcher->dispatch(Object(CakeRequest), Object(CakeResponse))
#1 {main}
2017-02-19 16:11:14 Error: [MissingActionException] Action PostsController::custom.css() could not be found.
Exception Attributes: array (
  'controller' => 'PostsController',
  'action' => 'custom.css',
)
Request URL: /posts/custom.css
Stack Trace:
#0 E:\xampp\htdocs\rsudinhil\Lib\Cake\Routing\Dispatcher.php(191): Controller->invokeAction(Object(CakeRequest))
#1 E:\xampp\htdocs\rsudinhil\Lib\Cake\Routing\Dispatcher.php(165): Dispatcher->_invoke(Object(PostsController), Object(CakeRequest))
#2 E:\xampp\htdocs\rsudinhil\app\webroot\index.php(96): Dispatcher->dispatch(Object(CakeRequest), Object(CakeResponse))
#3 {main}
2017-02-19 16:11:18 Error: [MissingActionException] Action PostsController::img() could not be found.
Exception Attributes: array (
  'controller' => 'PostsController',
  'action' => 'img',
)
Request URL: /posts/img/av6.png
Stack Trace:
#0 E:\xampp\htdocs\rsudinhil\Lib\Cake\Routing\Dispatcher.php(191): Controller->invokeAction(Object(CakeRequest))
#1 E:\xampp\htdocs\rsudinhil\Lib\Cake\Routing\Dispatcher.php(165): Dispatcher->_invoke(Object(PostsController), Object(CakeRequest))
#2 E:\xampp\htdocs\rsudinhil\app\webroot\index.php(96): Dispatcher->dispatch(Object(CakeRequest), Object(CakeResponse))
#3 {main}
2017-02-19 16:11:19 Error: [MissingActionException] Action PostsController::img() could not be found.
Exception Attributes: array (
  'controller' => 'PostsController',
  'action' => 'img',
)
Request URL: /posts/img/av5.png
Stack Trace:
#0 E:\xampp\htdocs\rsudinhil\Lib\Cake\Routing\Dispatcher.php(191): Controller->invokeAction(Object(CakeRequest))
#1 E:\xampp\htdocs\rsudinhil\Lib\Cake\Routing\Dispatcher.php(165): Dispatcher->_invoke(Object(PostsController), Object(CakeRequest))
#2 E:\xampp\htdocs\rsudinhil\app\webroot\index.php(96): Dispatcher->dispatch(Object(CakeRequest), Object(CakeResponse))
#3 {main}
2017-02-19 16:11:21 Error: [MissingActionException] Action PostsController::img() could not be found.
Exception Attributes: array (
  'controller' => 'PostsController',
  'action' => 'img',
)
Request URL: /posts/img/av4.png
Stack Trace:
#0 E:\xampp\htdocs\rsudinhil\Lib\Cake\Routing\Dispatcher.php(191): Controller->invokeAction(Object(CakeRequest))
#1 E:\xampp\htdocs\rsudinhil\Lib\Cake\Routing\Dispatcher.php(165): Dispatcher->_invoke(Object(PostsController), Object(CakeRequest))
#2 E:\xampp\htdocs\rsudinhil\app\webroot\index.php(96): Dispatcher->dispatch(Object(CakeRequest), Object(CakeResponse))
#3 {main}
2017-02-19 16:11:22 Error: [MissingActionException] Action PostsController::img() could not be found.
Exception Attributes: array (
  'controller' => 'PostsController',
  'action' => 'img',
)
Request URL: /posts/img/av2.png
Stack Trace:
#0 E:\xampp\htdocs\rsudinhil\Lib\Cake\Routing\Dispatcher.php(191): Controller->invokeAction(Object(CakeRequest))
#1 E:\xampp\htdocs\rsudinhil\Lib\Cake\Routing\Dispatcher.php(165): Dispatcher->_invoke(Object(PostsController), Object(CakeRequest))
#2 E:\xampp\htdocs\rsudinhil\app\webroot\index.php(96): Dispatcher->dispatch(Object(CakeRequest), Object(CakeResponse))
#3 {main}
2017-02-19 16:11:23 Error: [MissingActionException] Action PostsController::img() could not be found.
Exception Attributes: array (
  'controller' => 'PostsController',
  'action' => 'img',
)
Request URL: /posts/img/av3.png
Stack Trace:
#0 E:\xampp\htdocs\rsudinhil\Lib\Cake\Routing\Dispatcher.php(191): Controller->invokeAction(Object(CakeRequest))
#1 E:\xampp\htdocs\rsudinhil\Lib\Cake\Routing\Dispatcher.php(165): Dispatcher->_invoke(Object(PostsController), Object(CakeRequest))
#2 E:\xampp\htdocs\rsudinhil\app\webroot\index.php(96): Dispatcher->dispatch(Object(CakeRequest), Object(CakeResponse))
#3 {main}
2017-02-19 10:19:06 Error: [MissingControllerException] Controller class AssetsController could not be found.
Exception Attributes: array (
  'class' => 'AssetsController',
  'plugin' => NULL,
)
Request URL: /assets/images/homepages/index/slide1-thumb.jpg
Stack Trace:
#0 E:\xampp\htdocs\rsudinhil\app\webroot\index.php(96): Dispatcher->dispatch(Object(CakeRequest), Object(CakeResponse))
#1 {main}
2017-02-19 10:19:10 Error: [MissingControllerException] Controller class Favicon.icoController could not be found.
Exception Attributes: array (
  'class' => 'Favicon.icoController',
  'plugin' => NULL,
)
Request URL: /favicon.ico
Stack Trace:
#0 E:\xampp\htdocs\rsudinhil\app\webroot\index.php(96): Dispatcher->dispatch(Object(CakeRequest), Object(CakeResponse))
#1 {main}
2017-02-19 16:20:56 Error: [MissingViewException] View file "E:\xampp\htdocs\rsudinhil\app\View\Users\myprofile.ctp" is missing.
Exception Attributes: array (
  'file' => 'E:\\xampp\\htdocs\\rsudinhil\\app\\View\\Users\\myprofile.ctp',
)
Request URL: /dashboard
Stack Trace:
#0 E:\xampp\htdocs\rsudinhil\Lib\Cake\View\View.php(468): View->_getViewFileName(NULL)
#1 E:\xampp\htdocs\rsudinhil\Lib\Cake\Controller\Controller.php(954): View->render(NULL, NULL)
#2 E:\xampp\htdocs\rsudinhil\Lib\Cake\Routing\Dispatcher.php(198): Controller->render()
#3 E:\xampp\htdocs\rsudinhil\Lib\Cake\Routing\Dispatcher.php(165): Dispatcher->_invoke(Object(UsersController), Object(CakeRequest))
#4 E:\xampp\htdocs\rsudinhil\app\webroot\index.php(96): Dispatcher->dispatch(Object(CakeRequest), Object(CakeResponse))
#5 {main}
2017-02-19 10:20:58 Error: [MissingControllerException] Controller class CssController could not be found.
Exception Attributes: array (
  'class' => 'CssController',
  'plugin' => NULL,
)
Request URL: /css/jquery.treegrid.css
Stack Trace:
#0 E:\xampp\htdocs\rsudinhil\app\webroot\index.php(96): Dispatcher->dispatch(Object(CakeRequest), Object(CakeResponse))
#1 {main}
 {main}
2017-02-19 10:20:58 Error: [MissingControllerException] Controller class Custom.cssController could not be found.
Exception Attributes: array (
  'class' => 'Custom.cssController',
  'plugin' => NULL,
)
Request URL: /custom.css
Stack Trace:
#0 E:\xampp\htdocs\rsudinhil\app\webroot\index.php(96): Dispatcher->dispatch(Object(CakeRequest), Object(CakeResponse))
#1 {main}
2017-02-19 10:21:02 Error: [MissingControllerException] Controller class CssController could not be found.
Exception Attributes: array (
  'class' => 'CssController',
  'plugin' => NULL,
)
Request URL: /css/validationEngine.jquery.css
Stack Trace:
#0 E:\xampp\htdocs\rsudinhil\app\webroot\index.php(96): Dispatcher->dispatch(Object(CakeRequest), Object(CakeResponse))
#1 {main}
2017-02-19 10:21:02 Error: [MissingControllerException] Controller class CssController could not be found.
Exception Attributes: array (
  'class' => 'CssController',
  'plugin' => NULL,
)
Request URL: /css/jquery.treegrid.css
Stack Trace:
#0 E:\xampp\htdocs\rsudinhil\app\webroot\index.php(96): Dispatcher->dispatch(Object(CakeRequest), Object(CakeResponse))
#1 {main}
2017-02-19 10:23:46 Error: [MissingControllerException] Controller class CssController could not be found.
Exception Attributes: array (
  'class' => 'CssController',
  'plugin' => NULL,
)
Request URL: /css/jquery.treegrid.css
Stack Trace:
#0 E:\xampp\htdocs\rsudinhil\app\webroot\index.php(96): Dispatcher->dispatch(Object(CakeRequest), Object(CakeResponse))
#1 {main}
2017-02-19 10:23:46 Error: [MissingControllerException] Controller class Custom.cssController could not be found.
Exception Attributes: array (
  'class' => 'Custom.cssController',
  'plugin' => NULL,
)
Request URL: /custom.css
Stack Trace:
#0 E:\xampp\htdocs\rsudinhil\app\webroot\index.php(96): Dispatcher->dispatch(Object(CakeRequest), Object(CakeResponse))
#1 {main}
2017-02-19 10:23:46 Error: [MissingControllerException] Controller class CssController could not be found.
Exception Attributes: array (
  'class' => 'CssController',
  'plugin' => NULL,
)
Request URL: /css/validationEngine.jquery.css
Stack Trace:
#0 E:\xampp\htdocs\rsudinhil\app\webroot\index.php(96): Dispatcher->dispatch(Object(CakeRequest), Object(CakeResponse))
#1 {main}
2017-02-19 10:23:49 Error: [MissingControllerException] Controller class CssController could not be found.
Exception Attributes: array (
  'class' => 'CssController',
  'plugin' => NULL,
)
Request URL: /css/validationEngine.jquery.css
Stack Trace:
#0 E:\xampp\htdocs\rsudinhil\app\webroot\index.php(96): Dispatcher->dispatch(Object(CakeRequest), Object(CakeResponse))
#1 {main}
2017-02-19 10:24:44 Error: [MissingControllerException] Controller class CssController could not be found.
Exception Attributes: array (
  'class' => 'CssController',
  'plugin' => NULL,
)
Request URL: /css/validationEngine.jquery.css
Stack Trace:
#0 E:\xampp\htdocs\rsudinhil\app\webroot\index.php(96): Dispatcher->dispatch(Object(CakeRequest), Object(CakeResponse))
#1 {main}
2017-02-19 10:24:44 Error: [MissingControllerException] Controller class CssController could not be found.
Exception Attributes: array (
  'class' => 'CssController',
  'plugin' => NULL,
)
Request URL: /css/jquery.treegrid.css
Stack Trace:
#0 E:\xampp\htdocs\rsudinhil\app\webroot\index.php(96): Dispatcher->dispatch(Object(CakeRequest), Object(CakeResponse))
#1 {main}
2017-02-19 16:24:47 Error: [MissingActionException] Action MenusController::custom.css() could not be found.
Exception Attributes: array (
  'controller' => 'MenusController',
  'action' => 'custom.css',
)
Request URL: /Menus/custom.css
Stack Trace:
#0 E:\xampp\htdocs\rsudinhil\Lib\Cake\Routing\Dispatcher.php(191): Controller->invokeAction(Object(CakeRequest))
#1 E:\xampp\htdocs\rsudinhil\Lib\Cake\Routing\Dispatcher.php(165): Dispatcher->_invoke(Object(MenusController), Object(CakeRequest))
#2 E:\xampp\htdocs\rsudinhil\app\webroot\index.php(96): Dispatcher->dispatch(Object(CakeRequest), Object(CakeResponse))
#3 {main}
2017-02-19 10:24:48 Error: [MissingControllerException] Controller class CssController could not be found.
Exception Attributes: array (
  'class' => 'CssController',
  'plugin' => NULL,
)
Request URL: /css/validationEngine.jquery.css
Stack Trace:
#0 E:\xampp\htdocs\rsudinhil\app\webroot\index.php(96): Dispatcher->dispatch(Object(CakeRequest), Object(CakeResponse))
#1 {main}
2017-02-19 10:24:48 Error: [MissingControllerException] Controller class CssController could not be found.
Exception Attributes: array (
  'class' => 'CssController',
  'plugin' => NULL,
)
Request URL: /css/jquery.treegrid.css
Stack Trace:
#0 E:\xampp\htdocs\rsudinhil\app\webroot\index.php(96): Dispatcher->dispatch(Object(CakeRequest), Object(CakeResponse))
#1 {main}
2017-02-19 16:24:48 Error: [MissingActionException] Action MenusController::img() could not be found.
Exception Attributes: array (
  'controller' => 'MenusController',
  'action' => 'img',
)
Request URL: /Menus/img/av2.png
Stack Trace:
#0 E:\xampp\htdocs\rsudinhil\Lib\Cake\Routing\Dispatcher.php(191): Controller->invokeAction(Object(CakeRequest))
#1 E:\xampp\htdocs\rsudinhil\Lib\Cake\Routing\Dispatcher.php(165): Dispatcher->_invoke(Object(MenusController), Object(CakeRequest))
#2 E:\xampp\htdocs\rsudinhil\app\webroot\index.php(96): Dispatcher->dispatch(Object(CakeRequest), Object(CakeResponse))
#3 {main}
2017-02-19 16:24:52 Error: [MissingActionException] Action MenusController::img() could not be found.
Exception Attributes: array (
  'controller' => 'MenusController',
  'action' => 'img',
)
Request URL: /Menus/img/av4.png
Stack Trace:
#0 E:\xampp\htdocs\rsudinhil\Lib\Cake\Routing\Dispatcher.php(191): Controller->invokeAction(Object(CakeRequest))
#1 E:\xampp\htdocs\rsudinhil\Lib\Cake\Routing\Dispatcher.php(165): Dispatcher->_invoke(Object(MenusController), Object(CakeRequest))
#2 E:\xampp\htdocs\rsudinhil\app\webroot\index.php(96): Dispatcher->dispatch(Object(CakeRequest), Object(CakeResponse))
#3 {main}
2017-02-19 16:24:53 Error: [MissingActionException] Action MenusController::img() could not be found.
Exception Attributes: array (
  'controller' => 'MenusController',
  'action' => 'img',
)
Request URL: /Menus/img/av5.png
Stack Trace:
#0 E:\xampp\htdocs\rsudinhil\Lib\Cake\Routing\Dispatcher.php(191): Controller->invokeAction(Object(CakeRequest))
#1 E:\xampp\htdocs\rsudinhil\Lib\Cake\Routing\Dispatcher.php(165): Dispatcher->_invoke(Object(MenusController), Object(CakeRequest))
#2 E:\xampp\htdocs\rsudinhil\app\webroot\index.php(96): Dispatcher->dispatch(Object(CakeRequest), Object(CakeResponse))
#3 {main}
2017-02-19 16:24:55 Error: [MissingActionException] Action MenusController::img() could not be found.
Exception Attributes: array (
  'controller' => 'MenusController',
  'action' => 'img',
)
Request URL: /Menus/img/av2.png
Stack Trace:
#0 E:\xampp\htdocs\rsudinhil\Lib\Cake\Routing\Dispatcher.php(191): Controller->invokeAction(Object(CakeRequest))
#1 E:\xampp\htdocs\rsudinhil\Lib\Cake\Routing\Dispatcher.php(165): Dispatcher->_invoke(Object(MenusController), Object(CakeRequest))
#2 E:\xampp\htdocs\rsudinhil\app\webroot\index.php(96): Dispatcher->dispatch(Object(CakeRequest), Object(CakeResponse))
#3 {main}
2017-02-19 16:24:57 Error: [MissingActionException] Action MenusController::img() could not be found.
Exception Attributes: array (
  'controller' => 'MenusController',
  'action' => 'img',
)
Request URL: /Menus/img/av6.png
Stack Trace:
#0 E:\xampp\htdocs\rsudinhil\Lib\Cake\Routing\Dispatcher.php(191): Controller->invokeAction(Object(CakeRequest))
#1 E:\xampp\htdocs\rsudinhil\Lib\Cake\Routing\Dispatcher.php(165): Dispatcher->_invoke(Object(MenusController), Object(CakeRequest))
#2 E:\xampp\htdocs\rsudinhil\app\webroot\index.php(96): Dispatcher->dispatch(Object(CakeRequest), Object(CakeResponse))
#3 {main}
2017-02-19 16:24:59 Error: [MissingActionException] Action MenusController::img() could not be found.
Exception Attributes: array (
  'controller' => 'MenusController',
  'action' => 'img',
)
Request URL: /Menus/img/av3.png
Stack Trace:
#0 E:\xampp\htdocs\rsudinhil\Lib\Cake\Routing\Dispatcher.php(191): Controller->invokeAction(Object(CakeRequest))
#1 E:\xampp\htdocs\rsudinhil\Lib\Cake\Routing\Dispatcher.php(165): Dispatcher->_invoke(Object(MenusController), Object(CakeRequest))
#2 E:\xampp\htdocs\rsudinhil\app\webroot\index.php(96): Dispatcher->dispatch(Object(CakeRequest), Object(CakeResponse))
#3 {main}
2017-02-19 10:25:37 Error: [MissingControllerException] Controller class CssController could not be found.
Exception Attributes: array (
  'class' => 'CssController',
  'plugin' => NULL,
)
Request URL: /css/jquery.treegrid.css
Stack Trace:
#0 E:\xampp\htdocs\rsudinhil\app\webroot\index.php(96): Dispatcher->dispatch(Object(CakeRequest), Object(CakeResponse))
#1 {main}
2017-02-19 10:25:37 Error: [MissingControllerException] Controller class Custom.cssController could not be found.
Exception Attributes: array (
  'class' => 'Custom.cssController',
  'plugin' => NULL,
)
Request URL: /custom.css
Stack Trace:
#0 E:\xampp\htdocs\rsudinhil\app\webroot\index.php(96): Dispatcher->dispatch(Object(CakeRequest), Object(CakeResponse))
#1 {main}
2017-02-19 10:25:37 Error: [MissingControllerException] Controller class CssController could not be found.
Exception Attributes: array (
  'class' => 'CssController',
  'plugin' => NULL,
)
Request URL: /css/validationEngine.jquery.css
Stack Trace:
#0 E:\xampp\htdocs\rsudinhil\app\webroot\index.php(96): Dispatcher->dispatch(Object(CakeRequest), Object(CakeResponse))
#1 {main}
2017-02-19 10:25:51 Error: [MissingControllerException] Controller class CssController could not be found.
Exception Attributes: array (
  'class' => 'CssController',
  'plugin' => NULL,
)
Request URL: /css/validationEngine.jquery.css
Stack Trace:
#0 E:\xampp\htdocs\rsudinhil\app\webroot\index.php(96): Dispatcher->dispatch(Object(CakeRequest), Object(CakeResponse))
#1 {main}
2017-02-19 10:25:51 Error: [MissingControllerException] Controller class CssController could not be found.
Exception Attributes: array (
  'class' => 'CssController',
  'plugin' => NULL,
)
Request URL: /css/jquery.treegrid.css
Stack Trace:
#0 E:\xampp\htdocs\rsudinhil\app\webroot\index.php(96): Dispatcher->dispatch(Object(CakeRequest), Object(CakeResponse))
#1 {main}
2017-02-19 16:25:52 Error: [MissingActionException] Action PostsController::custom.css() could not be found.
Exception Attributes: array (
  'controller' => 'PostsController',
  'action' => 'custom.css',
)
Request URL: /Posts/custom.css
Stack Trace:
#0 E:\xampp\htdocs\rsudinhil\Lib\Cake\Routing\Dispatcher.php(191): Controller->invokeAction(Object(CakeRequest))
#1 E:\xampp\htdocs\rsudinhil\Lib\Cake\Routing\Dispatcher.php(165): Dispatcher->_invoke(Object(PostsController), Object(CakeRequest))
#2 E:\xampp\htdocs\rsudinhil\app\webroot\index.php(96): Dispatcher->dispatch(Object(CakeRequest), Object(CakeResponse))
#3 {main}
2017-02-19 16:25:56 Error: [MissingActionException] Action PostsController::img() could not be found.
Exception Attributes: array (
  'controller' => 'PostsController',
  'action' => 'img',
)
Request URL: /Posts/img/av2.png
Stack Trace:
#0 E:\xampp\htdocs\rsudinhil\Lib\Cake\Routing\Dispatcher.php(191): Controller->invokeAction(Object(CakeRequest))
#1 E:\xampp\htdocs\rsudinhil\Lib\Cake\Routing\Dispatcher.php(165): Dispatcher->_invoke(Object(PostsController), Object(CakeRequest))
#2 E:\xampp\htdocs\rsudinhil\app\webroot\index.php(96): Dispatcher->dispatch(Object(CakeRequest), Object(CakeResponse))
#3 {main}
2017-02-19 16:25:57 Error: [MissingActionException] Action PostsController::img() could not be found.
Exception Attributes: array (
  'controller' => 'PostsController',
  'action' => 'img',
)
Request URL: /Posts/img/av6.png
Stack Trace:
#0 E:\xampp\htdocs\rsudinhil\Lib\Cake\Routing\Dispatcher.php(191): Controller->invokeAction(Object(CakeRequest))
#1 E:\xampp\htdocs\rsudinhil\Lib\Cake\Routing\Dispatcher.php(165): Dispatcher->_invoke(Object(PostsController), Object(CakeRequest))
#2 E:\xampp\htdocs\rsudinhil\app\webroot\index.php(96): Dispatcher->dispatch(Object(CakeRequest), Object(CakeResponse))
#3 {main}
2017-02-19 16:26:00 Error: [MissingActionException] Action PostsController::img() could not be found.
Exception Attributes: array (
  'controller' => 'PostsController',
  'action' => 'img',
)
Request URL: /Posts/img/av3.png
Stack Trace:
#0 E:\xampp\htdocs\rsudinhil\Lib\Cake\Routing\Dispatcher.php(191): Controller->invokeAction(Object(CakeRequest))
#1 E:\xampp\htdocs\rsudinhil\Lib\Cake\Routing\Dispatcher.php(165): Dispatcher->_invoke(Object(PostsController), Object(CakeRequest))
#2 E:\xampp\htdocs\rsudinhil\app\webroot\index.php(96): Dispatcher->dispatch(Object(CakeRequest), Object(CakeResponse))
#3 {main}
2017-02-19 16:26:02 Error: [MissingActionException] Action PostsController::img() could not be found.
Exception Attributes: array (
  'controller' => 'PostsController',
  'action' => 'img',
)
Request URL: /Posts/img/av5.png
Stack Trace:
#0 E:\xampp\htdocs\rsudinhil\Lib\Cake\Routing\Dispatcher.php(191): Controller->invokeAction(Object(CakeRequest))
#1 E:\xampp\htdocs\rsudinhil\Lib\Cake\Routing\Dispatcher.php(165): Dispatcher->_invoke(Object(PostsController), Object(CakeRequest))
#2 E:\xampp\htdocs\rsudinhil\app\webroot\index.php(96): Dispatcher->dispatch(Object(CakeRequest), Object(CakeResponse))
#3 {main}
2017-02-19 16:26:03 Error: [MissingActionException] Action PostsController::img() could not be found.
Exception Attributes: array (
  'controller' => 'PostsController',
  'action' => 'img',
)
Request URL: /Posts/img/av4.png
Stack Trace:
#0 E:\xampp\htdocs\rsudinhil\Lib\Cake\Routing\Dispatcher.php(191): Controller->invokeAction(Object(CakeRequest))
#1 E:\xampp\htdocs\rsudinhil\Lib\Cake\Routing\Dispatcher.php(165): Dispatcher->_invoke(Object(PostsController), Object(CakeRequest))
#2 E:\xampp\htdocs\rsudinhil\app\webroot\index.php(96): Dispatcher->dispatch(Object(CakeRequest), Object(CakeResponse))
#3 {main}
2017-02-19 10:26:14 Error: [MissingControllerException] Controller class CssController could not be found.
Exception Attributes: array (
  'class' => 'CssController',
  'plugin' => NULL,
)
Request URL: /css/jquery.treegrid.css
Stack Trace:
#0 E:\xampp\htdocs\rsudinhil\app\webroot\index.php(96): Dispatcher->dispatch(Object(CakeRequest), Object(CakeResponse))
#1 {main}
2017-02-19 10:26:14 Error: [MissingControllerException] Controller class CssController could not be found.
Exception Attributes: array (
  'class' => 'CssController',
  'plugin' => NULL,
)
Request URL: /css/validationEngine.jquery.css
Stack Trace:
#0 E:\xampp\htdocs\rsudinhil\app\webroot\index.php(96): Dispatcher->dispatch(Object(CakeRequest), Object(CakeResponse))
#1 {main}
2017-02-19 16:26:17 Error: [MissingActionException] Action PostsController::custom.css() could not be found.
Exception Attributes: array (
  'controller' => 'PostsController',
  'action' => 'custom.css',
)
Request URL: /Posts/custom.css
Stack Trace:
#0 E:\xampp\htdocs\rsudinhil\Lib\Cake\Routing\Dispatcher.php(191): Controller->invokeAction(Object(CakeRequest))
#1 E:\xampp\htdocs\rsudinhil\Lib\Cake\Routing\Dispatcher.php(165): Dispatcher->_invoke(Object(PostsController), Object(CakeRequest))
#2 E:\xampp\htdocs\rsudinhil\app\webroot\index.php(96): Dispatcher->dispatch(Object(CakeRequest), Object(CakeResponse))
#3 {main}
2017-02-19 10:26:18 Error: [MissingControllerException] Controller class CssController could not be found.
Exception Attributes: array (
  'class' => 'CssController',
  'plugin' => NULL,
)
Request URL: /css/validationEngine.jquery.css
Stack Trace:
#0 E:\xampp\htdocs\rsudinhil\app\webroot\index.php(96): Dispatcher->dispatch(Object(CakeRequest), Object(CakeResponse))
#1 {main}
2017-02-19 10:26:18 Error: [MissingControllerException] Controller class CssController could not be found.
Exception Attributes: array (
  'class' => 'CssController',
  'plugin' => NULL,
)
Request URL: /css/jquery.treegrid.css
Stack Trace:
#0 E:\xampp\htdocs\rsudinhil\app\webroot\index.php(96): Dispatcher->dispatch(Object(CakeRequest), Object(CakeResponse))
#1 {main}
2017-02-19 16:26:18 Error: [MissingActionException] Action PostsController::img() could not be found.
Exception Attributes: array (
  'controller' => 'PostsController',
  'action' => 'img',
)
Request URL: /Posts/img/av2.png
Stack Trace:
#0 E:\xampp\htdocs\rsudinhil\Lib\Cake\Routing\Dispatcher.php(191): Controller->invokeAction(Object(CakeRequest))
#1 E:\xampp\htdocs\rsudinhil\Lib\Cake\Routing\Dispatcher.php(165): Dispatcher->_invoke(Object(PostsController), Object(CakeRequest))
#2 E:\xampp\htdocs\rsudinhil\app\webroot\index.php(96): Dispatcher->dispatch(Object(CakeRequest), Object(CakeResponse))
#3 {main}
2017-02-19 16:26:21 Error: [MissingActionException] Action PostsController::img() could not be found.
Exception Attributes: array (
  'controller' => 'PostsController',
  'action' => 'img',
)
Request URL: /Posts/img/av4.png
Stack Trace:
#0 E:\xampp\htdocs\rsudinhil\Lib\Cake\Routing\Dispatcher.php(191): Controller->invokeAction(Object(CakeRequest))
#1 E:\xampp\htdocs\rsudinhil\Lib\Cake\Routing\Dispatcher.php(165): Dispatcher->_invoke(Object(PostsController), Object(CakeRequest))
#2 E:\xampp\htdocs\rsudinhil\app\webroot\index.php(96): Dispatcher->dispatch(Object(CakeRequest), Object(CakeResponse))
#3 {main}
2017-02-19 16:26:23 Error: [MissingActionException] Action PostsController::img() could not be found.
Exception Attributes: array (
  'controller' => 'PostsController',
  'action' => 'img',
)
Request URL: /Posts/img/av6.png
Stack Trace:
#0 E:\xampp\htdocs\rsudinhil\Lib\Cake\Routing\Dispatcher.php(191): Controller->invokeAction(Object(CakeRequest))
#1 E:\xampp\htdocs\rsudinhil\Lib\Cake\Routing\Dispatcher.php(165): Dispatcher->_invoke(Object(PostsController), Object(CakeRequest))
#2 E:\xampp\htdocs\rsudinhil\app\webroot\index.php(96): Dispatcher->dispatch(Object(CakeRequest), Object(CakeResponse))
#3 {main}
2017-02-19 16:26:26 Error: [MissingActionException] Action PostsController::img() could not be found.
Exception Attributes: array (
  'controller' => 'PostsController',
  'action' => 'img',
)
Request URL: /Posts/img/av5.png
Stack Trace:
#0 E:\xampp\htdocs\rsudinhil\Lib\Cake\Routing\Dispatcher.php(191): Controller->invokeAction(Object(CakeRequest))
#1 E:\xampp\htdocs\rsudinhil\Lib\Cake\Routing\Dispatcher.php(165): Dispatcher->_invoke(Object(PostsController), Object(CakeRequest))
#2 E:\xampp\htdocs\rsudinhil\app\webroot\index.php(96): Dispatcher->dispatch(Object(CakeRequest), Object(CakeResponse))
#3 {main}
2017-02-19 16:26:28 Error: [MissingActionException] Action PostsController::img() could not be found.
Exception Attributes: array (
  'controller' => 'PostsController',
  'action' => 'img',
)
Request URL: /Posts/img/av3.png
Stack Trace:
#0 E:\xampp\htdocs\rsudinhil\Lib\Cake\Routing\Dispatcher.php(191): Controller->invokeAction(Object(CakeRequest))
#1 E:\xampp\htdocs\rsudinhil\Lib\Cake\Routing\Dispatcher.php(165): Dispatcher->_invoke(Object(PostsController), Object(CakeRequest))
#2 E:\xampp\htdocs\rsudinhil\app\webroot\index.php(96): Dispatcher->dispatch(Object(CakeRequest), Object(CakeResponse))
#3 {main}
2017-02-19 16:26:30 Error: [MissingActionException] Action PostsController::img() could not be found.
Exception Attributes: array (
  'controller' => 'PostsController',
  'action' => 'img',
)
Request URL: /Posts/img/av2.png
Stack Trace:
#0 E:\xampp\htdocs\rsudinhil\Lib\Cake\Routing\Dispatcher.php(191): Controller->invokeAction(Object(CakeRequest))
#1 E:\xampp\htdocs\rsudinhil\Lib\Cake\Routing\Dispatcher.php(165): Dispatcher->_invoke(Object(PostsController), Object(CakeRequest))
#2 E:\xampp\htdocs\rsudinhil\app\webroot\index.php(96): Dispatcher->dispatch(Object(CakeRequest), Object(CakeResponse))
#3 {main}
2017-02-19 10:27:14 Error: [MissingControllerException] Controller class CssController could not be found.
Exception Attributes: array (
  'class' => 'CssController',
  'plugin' => NULL,
)
Request URL: /css/validationEngine.jquery.css
Stack Trace:
#0 E:\xampp\htdocs\rsudinhil\app\webroot\index.php(96): Dispatcher->dispatch(Object(CakeRequest), Object(CakeResponse))
#1 {main}
2017-02-19 10:27:14 Error: [MissingControllerException] Controller class CssController could not be found.
Exception Attributes: array (
  'class' => 'CssController',
  'plugin' => NULL,
)
Request URL: /css/jquery.treegrid.css
Stack Trace:
#0 E:\xampp\htdocs\rsudinhil\app\webroot\index.php(96): Dispatcher->dispatch(Object(CakeRequest), Object(CakeResponse))
#1 {main}
2017-02-19 16:27:15 Error: [MissingActionException] Action PostsController::custom.css() could not be found.
Exception Attributes: array (
  'controller' => 'PostsController',
  'action' => 'custom.css',
)
Request URL: /Posts/custom.css
Stack Trace:
#0 E:\xampp\htdocs\rsudinhil\Lib\Cake\Routing\Dispatcher.php(191): Controller->invokeAction(Object(CakeRequest))
#1 E:\xampp\htdocs\rsudinhil\Lib\Cake\Routing\Dispatcher.php(165): Dispatcher->_invoke(Object(PostsController), Object(CakeRequest))
#2 E:\xampp\htdocs\rsudinhil\app\webroot\index.php(96): Dispatcher->dispatch(Object(CakeRequest), Object(CakeResponse))
#3 {main}
2017-02-19 10:28:22 Error: [MissingControllerException] Controller class CssController could not be found.
Exception Attributes: array (
  'class' => 'CssController',
  'plugin' => NULL,
)
Request URL: /css/jquery.treegrid.css
Stack Trace:
#0 E:\xampp\htdocs\rsudinhil\app\webroot\index.php(96): Dispatcher->dispatch(Object(CakeRequest), Object(CakeResponse))
#1 {main}
2017-02-19 10:28:22 Error: [MissingControllerException] Controller class CssController could not be found.
Exception Attributes: array (
  'class' => 'CssController',
  'plugin' => NULL,
)
Request URL: /css/validationEngine.jquery.css
Stack Trace:
#0 E:\xampp\htdocs\rsudinhil\app\webroot\index.php(96): Dispatcher->dispatch(Object(CakeRequest), Object(CakeResponse))
#1 {main}
2017-02-19 16:28:23 Error: [MissingActionException] Action PostsController::custom.css() could not be found.
Exception Attributes: array (
  'controller' => 'PostsController',
  'action' => 'custom.css',
)
Request URL: /Posts/custom.css
Stack Trace:
#0 E:\xampp\htdocs\rsudinhil\Lib\Cake\Routing\Dispatcher.php(191): Controller->invokeAction(Object(CakeRequest))
#1 E:\xampp\htdocs\rsudinhil\Lib\Cake\Routing\Dispatcher.php(165): Dispatcher->_invoke(Object(PostsController), Object(CakeRequest))
#2 E:\xampp\htdocs\rsudinhil\app\webroot\index.php(96): Dispatcher->dispatch(Object(CakeRequest), Object(CakeResponse))
#3 {main}
2017-02-19 16:28:28 Error: [MissingActionException] Action PostsController::img() could not be found.
Exception Attributes: array (
  'controller' => 'PostsController',
  'action' => 'img',
)
Request URL: /Posts/img/av5.png
Stack Trace:
#0 E:\xampp\htdocs\rsudinhil\Lib\Cake\Routing\Dispatcher.php(191): Controller->invokeAction(Object(CakeRequest))
#1 E:\xampp\htdocs\rsudinhil\Lib\Cake\Routing\Dispatcher.php(165): Dispatcher->_invoke(Object(PostsController), Object(CakeRequest))
#2 E:\xampp\htdocs\rsudinhil\app\webroot\index.php(96): Dispatcher->dispatch(Object(CakeRequest), Object(CakeResponse))
#3 {main}
2017-02-19 16:28:31 Error: [MissingActionException] Action PostsController::img() could not be found.
Exception Attributes: array (
  'controller' => 'PostsController',
  'action' => 'img',
)
Request URL: /Posts/img/av6.png
Stack Trace:
#0 E:\xampp\htdocs\rsudinhil\Lib\Cake\Routing\Dispatcher.php(191): Controller->invokeAction(Object(CakeRequest))
#1 E:\xampp\htdocs\rsudinhil\Lib\Cake\Routing\Dispatcher.php(165): Dispatcher->_invoke(Object(PostsController), Object(CakeRequest))
#2 E:\xampp\htdocs\rsudinhil\app\webroot\index.php(96): Dispatcher->dispatch(Object(CakeRequest), Object(CakeResponse))
#3 {main}
2017-02-19 16:28:32 Error: [MissingActionException] Action PostsController::img() could not be found.
Exception Attributes: array (
  'controller' => 'PostsController',
  'action' => 'img',
)
Request URL: /Posts/img/av2.png
Stack Trace:
#0 E:\xampp\htdocs\rsudinhil\Lib\Cake\Routing\Dispatcher.php(191): Controller->invokeAction(Object(CakeRequest))
#1 E:\xampp\htdocs\rsudinhil\Lib\Cake\Routing\Dispatcher.php(165): Dispatcher->_invoke(Object(PostsController), Object(CakeRequest))
#2 E:\xampp\htdocs\rsudinhil\app\webroot\index.php(96): Dispatcher->dispatch(Object(CakeRequest), Object(CakeResponse))
#3 {main}
2017-02-19 16:28:34 Error: [MissingActionException] Action PostsController::img() could not be found.
Exception Attributes: array (
  'controller' => 'PostsController',
  'action' => 'img',
)
Request URL: /Posts/img/av3.png
Stack Trace:
#0 E:\xampp\htdocs\rsudinhil\Lib\Cake\Routing\Dispatcher.php(191): Controller->invokeAction(Object(CakeRequest))
#1 E:\xampp\htdocs\rsudinhil\Lib\Cake\Routing\Dispatcher.php(165): Dispatcher->_invoke(Object(PostsController), Object(CakeRequest))
#2 E:\xampp\htdocs\rsudinhil\app\webroot\index.php(96): Dispatcher->dispatch(Object(CakeRequest), Object(CakeResponse))
#3 {main}
2017-02-19 16:28:36 Error: [MissingActionException] Action PostsController::img() could not be found.
Exception Attributes: array (
  'controller' => 'PostsController',
  'action' => 'img',
)
Request URL: /Posts/img/av4.png
Stack Trace:
#0 E:\xampp\htdocs\rsudinhil\Lib\Cake\Routing\Dispatcher.php(191): Controller->invokeAction(Object(CakeRequest))
#1 E:\xampp\htdocs\rsudinhil\Lib\Cake\Routing\Dispatcher.php(165): Dispatcher->_invoke(Object(PostsController), Object(CakeRequest))
#2 E:\xampp\htdocs\rsudinhil\app\webroot\index.php(96): Dispatcher->dispatch(Object(CakeRequest), Object(CakeResponse))
#3 {main}
2017-02-19 10:30:27 Error: [MissingControllerException] Controller class CssController could not be found.
Exception Attributes: array (
  'class' => 'CssController',
  'plugin' => NULL,
)
Request URL: /css/validationEngine.jquery.css
Stack Trace:
#0 E:\xampp\htdocs\rsudinhil\app\webroot\index.php(96): Dispatcher->dispatch(Object(CakeRequest), Object(CakeResponse))
#1 {main}
2017-02-19 10:30:27 Error: [MissingControllerException] Controller class CssController could not be found.
Exception Attributes: array (
  'class' => 'CssController',
  'plugin' => NULL,
)
Request URL: /css/jquery.treegrid.css
Stack Trace:
#0 E:\xampp\htdocs\rsudinhil\app\webroot\index.php(96): Dispatcher->dispatch(Object(CakeRequest), Object(CakeResponse))
#1 {main}
2017-02-19 16:30:27 Error: [MissingActionException] Action PostsController::custom.css() could not be found.
Exception Attributes: array (
  'controller' => 'PostsController',
  'action' => 'custom.css',
)
Request URL: /Posts/custom.css
Stack Trace:
#0 E:\xampp\htdocs\rsudinhil\Lib\Cake\Routing\Dispatcher.php(191): Controller->invokeAction(Object(CakeRequest))
#1 E:\xampp\htdocs\rsudinhil\Lib\Cake\Routing\Dispatcher.php(165): Dispatcher->_invoke(Object(PostsController), Object(CakeRequest))
#2 E:\xampp\htdocs\rsudinhil\app\webroot\index.php(96): Dispatcher->dispatch(Object(CakeRequest), Object(CakeResponse))
#3 {main}
2017-02-19 16:30:32 Error: [MissingActionException] Action PostsController::img() could not be found.
Exception Attributes: array (
  'controller' => 'PostsController',
  'action' => 'img',
)
Request URL: /Posts/img/av2.png
Stack Trace:
#0 E:\xampp\htdocs\rsudinhil\Lib\Cake\Routing\Dispatcher.php(191): Controller->invokeAction(Object(CakeRequest))
#1 E:\xampp\htdocs\rsudinhil\Lib\Cake\Routing\Dispatcher.php(165): Dispatcher->_invoke(Object(PostsController), Object(CakeRequest))
#2 E:\xampp\htdocs\rsudinhil\app\webroot\index.php(96): Dispatcher->dispatch(Object(CakeRequest), Object(CakeResponse))
#3 {main}
2017-02-19 16:30:33 Error: [MissingActionException] Action PostsController::img() could not be found.
Exception Attributes: array (
  'controller' => 'PostsController',
  'action' => 'img',
)
Request URL: /Posts/img/av6.png
Stack Trace:
#0 E:\xampp\htdocs\rsudinhil\Lib\Cake\Routing\Dispatcher.php(191): Controller->invokeAction(Object(CakeRequest))
#1 E:\xampp\htdocs\rsudinhil\Lib\Cake\Routing\Dispatcher.php(165): Dispatcher->_invoke(Object(PostsController), Object(CakeRequest))
#2 E:\xampp\htdocs\rsudinhil\app\webroot\index.php(96): Dispatcher->dispatch(Object(CakeRequest), Object(CakeResponse))
#3 {main}
2017-02-19 16:30:35 Error: [MissingActionException] Action PostsController::img() could not be found.
Exception Attributes: array (
  'controller' => 'PostsController',
  'action' => 'img',
)
Request URL: /Posts/img/av4.png
Stack Trace:
#0 E:\xampp\htdocs\rsudinhil\Lib\Cake\Routing\Dispatcher.php(191): Controller->invokeAction(Object(CakeRequest))
#1 E:\xampp\htdocs\rsudinhil\Lib\Cake\Routing\Dispatcher.php(165): Dispatcher->_invoke(Object(PostsController), Object(CakeRequest))
#2 E:\xampp\htdocs\rsudinhil\app\webroot\index.php(96): Dispatcher->dispatch(Object(CakeRequest), Object(CakeResponse))
#3 {main}
2017-02-19 16:30:37 Error: [MissingActionException] Action PostsController::img() could not be found.
Exception Attributes: array (
  'controller' => 'PostsController',
  'action' => 'img',
)
Request URL: /Posts/img/av3.png
Stack Trace:
#0 E:\xampp\htdocs\rsudinhil\Lib\Cake\Routing\Dispatcher.php(191): Controller->invokeAction(Object(CakeRequest))
#1 E:\xampp\htdocs\rsudinhil\Lib\Cake\Routing\Dispatcher.php(165): Dispatcher->_invoke(Object(PostsController), Object(CakeRequest))
#2 E:\xampp\htdocs\rsudinhil\app\webroot\index.php(96): Dispatcher->dispatch(Object(CakeRequest), Object(CakeResponse))
#3 {main}
2017-02-19 16:30:38 Error: [MissingActionException] Action PostsController::img() could not be found.
Exception Attributes: array (
  'controller' => 'PostsController',
  'action' => 'img',
)
Request URL: /Posts/img/av5.png
Stack Trace:
#0 E:\xampp\htdocs\rsudinhil\Lib\Cake\Routing\Dispatcher.php(191): Controller->invokeAction(Object(CakeRequest))
#1 E:\xampp\htdocs\rsudinhil\Lib\Cake\Routing\Dispatcher.php(165): Dispatcher->_invoke(Object(PostsController), Object(CakeRequest))
#2 E:\xampp\htdocs\rsudinhil\app\webroot\index.php(96): Dispatcher->dispatch(Object(CakeRequest), Object(CakeResponse))
#3 {main}
2017-02-19 16:32:36 Error: Fatal Error (1): Maximum execution time of 60 seconds exceeded in [E:\xampp\htdocs\rsudinhil\Lib\Cake\Core\App.php, line 545]
2017-02-19 16:32:36 Error: [InternalErrorException] Internal Server Error
Request URL: /Notifications/get_all
Stack Trace:
#0 E:\xampp\htdocs\rsudinhil\Lib\Cake\Error\ErrorHandler.php(203): ErrorHandler::handleFatalError(1, 'Maximum executi...', 'E:\\xampp\\htdocs...', 545)
#1 [internal function]: ErrorHandler::handleError(1, 'Maximum executi...', 'E:\\xampp\\htdocs...', 545, Array)
#2 E:\xampp\htdocs\rsudinhil\Lib\Cake\Core\App.php(929): call_user_func('ErrorHandler::h...', 1, 'Maximum executi...', 'E:\\xampp\\htdocs...', 545, Array)
#3 E:\xampp\htdocs\rsudinhil\Lib\Cake\Core\App.php(902): App::_checkFatalError()
#4 [internal function]: App::shutdown()
#5 {main}
2017-02-19 16:32:38 Error: Fatal Error (1): Maximum execution time of 60 seconds exceeded in [E:\xampp\htdocs\rsudinhil\Lib\Cake\Model\Datasource\CakeSession.php, line 660]
2017-02-19 16:32:38 Error: [InternalErrorException] Internal Server Error
Request URL: /Notifications/get_all
Stack Trace:
#0 E:\xampp\htdocs\rsudinhil\Lib\Cake\Error\ErrorHandler.php(203): ErrorHandler::handleFatalError(1, 'Maximum executi...', 'E:\\xampp\\htdocs...', 660)
#1 [internal function]: ErrorHandler::handleError(1, 'Maximum executi...', 'E:\\xampp\\htdocs...', 660, Array)
#2 E:\xampp\htdocs\rsudinhil\Lib\Cake\Core\App.php(929): call_user_func('ErrorHandler::h...', 1, 'Maximum executi...', 'E:\\xampp\\htdocs...', 660, Array)
#3 E:\xampp\htdocs\rsudinhil\Lib\Cake\Core\App.php(902): App::_checkFatalError()
#4 [internal function]: App::shutdown()
#5 {main}
2017-02-19 16:32:39 Error: Fatal Error (1): Maximum execution time of 60 seconds exceeded in [E:\xampp\htdocs\rsudinhil\Lib\Cake\Model\Datasource\CakeSession.php, line 660]
2017-02-19 16:32:39 Error: [InternalErrorException] Internal Server Error
Request URL: /Notifications/get_all
Stack Trace:
#0 E:\xampp\htdocs\rsudinhil\Lib\Cake\Error\ErrorHandler.php(203): ErrorHandler::handleFatalError(1, 'Maximum executi...', 'E:\\xampp\\htdocs...', 660)
#1 [internal function]: ErrorHandler::handleError(1, 'Maximum executi...', 'E:\\xampp\\htdocs...', 660, Array)
#2 E:\xampp\htdocs\rsudinhil\Lib\Cake\Core\App.php(929): call_user_func('ErrorHandler::h...', 1, 'Maximum executi...', 'E:\\xampp\\htdocs...', 660, Array)
#3 E:\xampp\htdocs\rsudinhil\Lib\Cake\Core\App.php(902): App::_checkFatalError()
#4 [internal function]: App::shutdown()
#5 {main}
2017-02-19 10:34:08 Error: [MissingControllerException] Controller class CssController could not be found.
Exception Attributes: array (
  'class' => 'CssController',
  'plugin' => NULL,
)
Request URL: /css/jquery.treegrid.css
Stack Trace:
#0 E:\xampp\htdocs\rsudinhil\app\webroot\index.php(96): Dispatcher->dispatch(Object(CakeRequest), Object(CakeResponse))
#1 {main}
2017-02-19 10:34:08 Error: [MissingControllerException] Controller class CssController could not be found.
Exception Attributes: array (
  'class' => 'CssController',
  'plugin' => NULL,
)
Request URL: /css/validationEngine.jquery.css
Stack Trace:
#0 E:\xampp\htdocs\rsudinhil\app\webroot\index.php(96): Dispatcher->dispatch(Object(CakeRequest), Object(CakeResponse))
#1 {main}
2017-02-19 16:34:09 Error: [MissingActionException] Action PostsController::custom.css() could not be found.
Exception Attributes: array (
  'controller' => 'PostsController',
  'action' => 'custom.css',
)
Request URL: /Posts/custom.css
Stack Trace:
#0 E:\xampp\htdocs\rsudinhil\Lib\Cake\Routing\Dispatcher.php(191): Controller->invokeAction(Object(CakeRequest))
#1 E:\xampp\htdocs\rsudinhil\Lib\Cake\Routing\Dispatcher.php(165): Dispatcher->_invoke(Object(PostsController), Object(CakeRequest))
#2 E:\xampp\htdocs\rsudinhil\app\webroot\index.php(96): Dispatcher->dispatch(Object(CakeRequest), Object(CakeResponse))
#3 {main}
2017-02-19 16:34:15 Error: [MissingActionException] Action PostsController::img() could not be found.
Exception Attributes: array (
  'controller' => 'PostsController',
  'action' => 'img',
)
Request URL: /Posts/img/av2.png
Stack Trace:
#0 E:\xampp\htdocs\rsudinhil\Lib\Cake\Routing\Dispatcher.php(191): Controller->invokeAction(Object(CakeRequest))
#1 E:\xampp\htdocs\rsudinhil\Lib\Cake\Routing\Dispatcher.php(165): Dispatcher->_invoke(Object(PostsController), Object(CakeRequest))
#2 E:\xampp\htdocs\rsudinhil\app\webroot\index.php(96): Dispatcher->dispatch(Object(CakeRequest), Object(CakeResponse))
#3 {main}
2017-02-19 16:34:17 Error: [MissingActionException] Action PostsController::img() could not be found.
Exception Attributes: array (
  'controller' => 'PostsController',
  'action' => 'img',
)
Request URL: /Posts/img/av6.png
Stack Trace:
#0 E:\xampp\htdocs\rsudinhil\Lib\Cake\Routing\Dispatcher.php(191): Controller->invokeAction(Object(CakeRequest))
#1 E:\xampp\htdocs\rsudinhil\Lib\Cake\Routing\Dispatcher.php(165): Dispatcher->_invoke(Object(PostsController), Object(CakeRequest))
#2 E:\xampp\htdocs\rsudinhil\app\webroot\index.php(96): Dispatcher->dispatch(Object(CakeRequest), Object(CakeResponse))
#3 {main}
2017-02-19 16:34:19 Error: [MissingActionException] Action PostsController::img() could not be found.
Exception Attributes: array (
  'controller' => 'PostsController',
  'action' => 'img',
)
Request URL: /Posts/img/av4.png
Stack Trace:
#0 E:\xampp\htdocs\rsudinhil\Lib\Cake\Routing\Dispatcher.php(191): Controller->invokeAction(Object(CakeRequest))
#1 E:\xampp\htdocs\rsudinhil\Lib\Cake\Routing\Dispatcher.php(165): Dispatcher->_invoke(Object(PostsController), Object(CakeRequest))
#2 E:\xampp\htdocs\rsudinhil\app\webroot\index.php(96): Dispatcher->dispatch(Object(CakeRequest), Object(CakeResponse))
#3 {main}
2017-02-19 16:34:21 Error: [MissingActionException] Action PostsController::img() could not be found.
Exception Attributes: array (
  'controller' => 'PostsController',
  'action' => 'img',
)
Request URL: /Posts/img/av5.png
Stack Trace:
#0 E:\xampp\htdocs\rsudinhil\Lib\Cake\Routing\Dispatcher.php(191): Controller->invokeAction(Object(CakeRequest))
#1 E:\xampp\htdocs\rsudinhil\Lib\Cake\Routing\Dispatcher.php(165): Dispatcher->_invoke(Object(PostsController), Object(CakeRequest))
#2 E:\xampp\htdocs\rsudinhil\app\webroot\index.php(96): Dispatcher->dispatch(Object(CakeRequest), Object(CakeResponse))
#3 {main}
2017-02-19 16:34:23 Error: [MissingActionException] Action PostsController::img() could not be found.
Exception Attributes: array (
  'controller' => 'PostsController',
  'action' => 'img',
)
Request URL: /Posts/img/av3.png
Stack Trace:
#0 E:\xampp\htdocs\rsudinhil\Lib\Cake\Routing\Dispatcher.php(191): Controller->invokeAction(Object(CakeRequest))
#1 E:\xampp\htdocs\rsudinhil\Lib\Cake\Routing\Dispatcher.php(165): Dispatcher->_invoke(Object(PostsController), Object(CakeRequest))
#2 E:\xampp\htdocs\rsudinhil\app\webroot\index.php(96): Dispatcher->dispatch(Object(CakeRequest), Object(CakeResponse))
#3 {main}
2017-02-19 10:36:50 Error: [MissingControllerException] Controller class CssController could not be found.
Exception Attributes: array (
  'class' => 'CssController',
  'plugin' => NULL,
)
Request URL: /css/validationEngine.jquery.css
Stack Trace:
#0 E:\xampp\htdocs\rsudinhil\app\webroot\index.php(96): Dispatcher->dispatch(Object(CakeRequest), Object(CakeResponse))
#1 {main}
2017-02-19 10:36:50 Error: [MissingControllerException] Controller class Custom.cssController could not be found.
Exception Attributes: array (
  'class' => 'Custom.cssController',
  'plugin' => NULL,
)
Request URL: /custom.css
Stack Trace:
#0 E:\xampp\htdocs\rsudinhil\app\webroot\index.php(96): Dispatcher->dispatch(Object(CakeRequest), Object(CakeResponse))
#1 {main}
2017-02-19 10:36:50 Error: [MissingControllerException] Controller class CssController could not be found.
Exception Attributes: array (
  'class' => 'CssController',
  'plugin' => NULL,
)
Request URL: /css/jquery.treegrid.css
Stack Trace:
#0 E:\xampp\htdocs\rsudinhil\app\webroot\index.php(96): Dispatcher->dispatch(Object(CakeRequest), Object(CakeResponse))
#1 {main}
2017-02-19 10:41:16 Error: [MissingControllerException] Controller class AssetsController could not be found.
Exception Attributes: array (
  'class' => 'AssetsController',
  'plugin' => NULL,
)
Request URL: /assets/images/page-header-bg.jpg
Stack Trace:
#0 E:\xampp\htdocs\rsudinhil\app\webroot\index.php(96): Dispatcher->dispatch(Object(CakeRequest), Object(CakeResponse))
#1 {main}
2017-02-19 10:44:24 Error: [MissingControllerException] Controller class AssetsController could not be found.
Exception Attributes: array (
  'class' => 'AssetsController',
  'plugin' => NULL,
)
Request URL: /assets/images/page-header-bg.jpg
Stack Trace:
#0 E:\xampp\htdocs\rsudinhil\app\webroot\index.php(96): Dispatcher->dispatch(Object(CakeRequest), Object(CakeResponse))
#1 {main}
2017-02-19 10:45:03 Error: [MissingControllerException] Controller class AssetsController could not be found.
Exception Attributes: array (
  'class' => 'AssetsController',
  'plugin' => NULL,
)
Request URL: /assets/images/page-header-bg.jpg
Stack Trace:
#0 E:\xampp\htdocs\rsudinhil\app\webroot\index.php(96): Dispatcher->dispatch(Object(CakeRequest), Object(CakeResponse))
#1 {main}
2017-02-19 10:47:38 Error: [MissingControllerException] Controller class Custom.cssController could not be found.
Exception Attributes: array (
  'class' => 'Custom.cssController',
  'plugin' => NULL,
)
Request URL: /custom.css
Stack Trace:
#0 E:\xampp\htdocs\rsudinhil\app\webroot\index.php(96): Dispatcher->dispatch(Object(CakeRequest), Object(CakeResponse))
#1 {main}
2017-02-19 10:47:38 Error: [MissingControllerException] Controller class CssController could not be found.
Exception Attributes: array (
  'class' => 'CssController',
  'plugin' => NULL,
)
Request URL: /css/validationEngine.jquery.css
Stack Trace:
#0 E:\xampp\htdocs\rsudinhil\app\webroot\index.php(96): Dispatcher->dispatch(Object(CakeRequest), Object(CakeResponse))
#1 {main}
2017-02-19 10:47:38 Error: [MissingControllerException] Controller class CssController could not be found.
Exception Attributes: array (
  'class' => 'CssController',
  'plugin' => NULL,
)
Request URL: /css/jquery.treegrid.css
Stack Trace:
#0 E:\xampp\htdocs\rsudinhil\app\webroot\index.php(96): Dispatcher->dispatch(Object(CakeRequest), Object(CakeResponse))
#1 {main}
2017-02-19 10:47:41 Error: [MissingControllerException] Controller class CssController could not be found.
Exception Attributes: array (
  'class' => 'CssController',
  'plugin' => NULL,
)
Request URL: /css/jquery.treegrid.css
Stack Trace:
#0 E:\xampp\htdocs\rsudinhil\app\webroot\index.php(96): Dispatcher->dispatch(Object(CakeRequest), Object(CakeResponse))
#1 {main}
2017-02-19 10:48:19 Error: [MissingControllerException] Controller class Custom.cssController could not be found.
Exception Attributes: array (
  'class' => 'Custom.cssController',
  'plugin' => NULL,
)
Request URL: /custom.css
Stack Trace:
#0 E:\xampp\htdocs\rsudinhil\app\webroot\index.php(96): Dispatcher->dispatch(Object(CakeRequest), Object(CakeResponse))
#1 {main}
2017-02-19 10:48:19 Error: [MissingControllerException] Controller class CssController could not be found.
Exception Attributes: array (
  'class' => 'CssController',
  'plugin' => NULL,
)
Request URL: /css/jquery.treegrid.css
Stack Trace:
#0 E:\xampp\htdocs\rsudinhil\app\webroot\index.php(96): Dispatcher->dispatch(Object(CakeRequest), Object(CakeResponse))
#1 {main}
2017-02-19 10:48:19 Error: [MissingControllerException] Controller class CssController could not be found.
Exception Attributes: array (
  'class' => 'CssController',
  'plugin' => NULL,
)
Request URL: /css/validationEngine.jquery.css
Stack Trace:
#0 E:\xampp\htdocs\rsudinhil\app\webroot\index.php(96): Dispatcher->dispatch(Object(CakeRequest), Object(CakeResponse))
#1 {main}
2017-02-19 10:48:21 Error: [MissingControllerException] Controller class CssController could not be found.
Exception Attributes: array (
  'class' => 'CssController',
  'plugin' => NULL,
)
Request URL: /css/jquery.treegrid.css
Stack Trace:
#0 E:\xampp\htdocs\rsudinhil\app\webroot\index.php(96): Dispatcher->dispatch(Object(CakeRequest), Object(CakeResponse))
#1 {main}
2017-02-19 10:49:32 Error: [MissingControllerException] Controller class CssController could not be found.
Exception Attributes: array (
  'class' => 'CssController',
  'plugin' => NULL,
)
Request URL: /css/validationEngine.jquery.css
Stack Trace:
#0 E:\xampp\htdocs\rsudinhil\app\webroot\index.php(96): Dispatcher->dispatch(Object(CakeRequest), Object(CakeResponse))
#1 {main}
2017-02-19 10:49:32 Error: [MissingControllerException] Controller class CssController could not be found.
Exception Attributes: array (
  'class' => 'CssController',
  'plugin' => NULL,
)
Request URL: /css/jquery.treegrid.css
Stack Trace:
#0 E:\xampp\htdocs\rsudinhil\app\webroot\index.php(96): Dispatcher->dispatch(Object(CakeRequest), Object(CakeResponse))
#1 {main}
2017-02-19 16:49:33 Error: [MissingActionException] Action PostsController::custom.css() could not be found.
Exception Attributes: array (
  'controller' => 'PostsController',
  'action' => 'custom.css',
)
Request URL: /posts/custom.css
Stack Trace:
#0 E:\xampp\htdocs\rsudinhil\Lib\Cake\Routing\Dispatcher.php(191): Controller->invokeAction(Object(CakeRequest))
#1 E:\xampp\htdocs\rsudinhil\Lib\Cake\Routing\Dispatcher.php(165): Dispatcher->_invoke(Object(PostsController), Object(CakeRequest))
#2 E:\xampp\htdocs\rsudinhil\app\webroot\index.php(96): Dispatcher->dispatch(Object(CakeRequest), Object(CakeResponse))
#3 {main}
2017-02-19 16:49:38 Error: [MissingActionException] Action PostsController::img() could not be found.
Exception Attributes: array (
  'controller' => 'PostsController',
  'action' => 'img',
)
Request URL: /posts/img/av2.png
Stack Trace:
#0 E:\xampp\htdocs\rsudinhil\Lib\Cake\Routing\Dispatcher.php(191): Controller->invokeAction(Object(CakeRequest))
#1 E:\xampp\htdocs\rsudinhil\Lib\Cake\Routing\Dispatcher.php(165): Dispatcher->_invoke(Object(PostsController), Object(CakeRequest))
#2 E:\xampp\htdocs\rsudinhil\app\webroot\index.php(96): Dispatcher->dispatch(Object(CakeRequest), Object(CakeResponse))
#3 {main}
2017-02-19 16:49:41 Error: [MissingActionException] Action PostsController::img() could not be found.
Exception Attributes: array (
  'controller' => 'PostsController',
  'action' => 'img',
)
Request URL: /posts/img/av6.png
Stack Trace:
#0 E:\xampp\htdocs\rsudinhil\Lib\Cake\Routing\Dispatcher.php(191): Controller->invokeAction(Object(CakeRequest))
#1 E:\xampp\htdocs\rsudinhil\Lib\Cake\Routing\Dispatcher.php(165): Dispatcher->_invoke(Object(PostsController), Object(CakeRequest))
#2 E:\xampp\htdocs\rsudinhil\app\webroot\index.php(96): Dispatcher->dispatch(Object(CakeRequest), Object(CakeResponse))
#3 {main}
2017-02-19 16:49:42 Error: [MissingActionException] Action PostsController::img() could not be found.
Exception Attributes: array (
  'controller' => 'PostsController',
  'action' => 'img',
)
Request URL: /posts/img/av3.png
Stack Trace:
#0 E:\xampp\htdocs\rsudinhil\Lib\Cake\Routing\Dispatcher.php(191): Controller->invokeAction(Object(CakeRequest))
#1 E:\xampp\htdocs\rsudinhil\Lib\Cake\Routing\Dispatcher.php(165): Dispatcher->_invoke(Object(PostsController), Object(CakeRequest))
#2 E:\xampp\htdocs\rsudinhil\app\webroot\index.php(96): Dispatcher->dispatch(Object(CakeRequest), Object(CakeResponse))
#3 {main}
2017-02-19 16:49:44 Error: [MissingActionException] Action PostsController::img() could not be found.
Exception Attributes: array (
  'controller' => 'PostsController',
  'action' => 'img',
)
Request URL: /posts/img/av5.png
Stack Trace:
#0 E:\xampp\htdocs\rsudinhil\Lib\Cake\Routing\Dispatcher.php(191): Controller->invokeAction(Object(CakeRequest))
#1 E:\xampp\htdocs\rsudinhil\Lib\Cake\Routing\Dispatcher.php(165): Dispatcher->_invoke(Object(PostsController), Object(CakeRequest))
#2 E:\xampp\htdocs\rsudinhil\app\webroot\index.php(96): Dispatcher->dispatch(Object(CakeRequest), Object(CakeResponse))
#3 {main}
2017-02-19 16:49:45 Error: [MissingActionException] Action PostsController::img() could not be found.
Exception Attributes: array (
  'controller' => 'PostsController',
  'action' => 'img',
)
Request URL: /posts/img/av4.png
Stack Trace:
#0 E:\xampp\htdocs\rsudinhil\Lib\Cake\Routing\Dispatcher.php(191): Controller->invokeAction(Object(CakeRequest))
#1 E:\xampp\htdocs\rsudinhil\Lib\Cake\Routing\Dispatcher.php(165): Dispatcher->_invoke(Object(PostsController), Object(CakeRequest))
#2 E:\xampp\htdocs\rsudinhil\app\webroot\index.php(96): Dispatcher->dispatch(Object(CakeRequest), Object(CakeResponse))
#3 {main}
2017-02-19 10:50:27 Error: [MissingControllerException] Controller class Custom.cssController could not be found.
Exception Attributes: array (
  'class' => 'Custom.cssController',
  'plugin' => NULL,
)
Request URL: /custom.css
Stack Trace:
#0 E:\xampp\htdocs\rsudinhil\app\webroot\index.php(96): Dispatcher->dispatch(Object(CakeRequest), Object(CakeResponse))
#1 {main}
2017-02-19 10:50:27 Error: [MissingControllerException] Controller class CssController could not be found.
Exception Attributes: array (
  'class' => 'CssController',
  'plugin' => NULL,
)
Request URL: /css/validationEngine.jquery.css
Stack Trace:
#0 E:\xampp\htdocs\rsudinhil\app\webroot\index.php(96): Dispatcher->dispatch(Object(CakeRequest), Object(CakeResponse))
#1 {main}
2017-02-19 10:50:27 Error: [MissingControllerException] Controller class CssController could not be found.
Exception Attributes: array (
  'class' => 'CssController',
  'plugin' => NULL,
)
Request URL: /css/jquery.treegrid.css
Stack Trace:
#0 E:\xampp\htdocs\rsudinhil\app\webroot\index.php(96): Dispatcher->dispatch(Object(CakeRequest), Object(CakeResponse))
#1 {main}
2017-02-19 10:51:23 Error: [MissingControllerException] Controller class CssController could not be found.
Exception Attributes: array (
  'class' => 'CssController',
  'plugin' => NULL,
)
Request URL: /css/validationEngine.jquery.css
Stack Trace:
#0 E:\xampp\htdocs\rsudinhil\app\webroot\index.php(96): Dispatcher->dispatch(Object(CakeRequest), Object(CakeResponse))
#1 {main}
2017-02-19 10:51:23 Error: [MissingControllerException] Controller class CssController could not be found.
Exception Attributes: array (
  'class' => 'CssController',
  'plugin' => NULL,
)
Request URL: /css/jquery.treegrid.css
Stack Trace:
#0 E:\xampp\htdocs\rsudinhil\app\webroot\index.php(96): Dispatcher->dispatch(Object(CakeRequest), Object(CakeResponse))
#1 {main}
2017-02-19 16:51:26 Error: [MissingActionException] Action PostsController::custom.css() could not be found.
Exception Attributes: array (
  'controller' => 'PostsController',
  'action' => 'custom.css',
)
Request URL: /posts/custom.css
Stack Trace:
#0 E:\xampp\htdocs\rsudinhil\Lib\Cake\Routing\Dispatcher.php(191): Controller->invokeAction(Object(CakeRequest))
#1 E:\xampp\htdocs\rsudinhil\Lib\Cake\Routing\Dispatcher.php(165): Dispatcher->_invoke(Object(PostsController), Object(CakeRequest))
#2 E:\xampp\htdocs\rsudinhil\app\webroot\index.php(96): Dispatcher->dispatch(Object(CakeRequest), Object(CakeResponse))
#3 {main}
2017-02-19 10:51:27 Error: [MissingControllerException] Controller class CssController could not be found.
Exception Attributes: array (
  'class' => 'CssController',
  'plugin' => NULL,
)
Request URL: /css/validationEngine.jquery.css
Stack Trace:
#0 E:\xampp\htdocs\rsudinhil\app\webroot\index.php(96): Dispatcher->dispatch(Object(CakeRequest), Object(CakeResponse))
#1 {main}
2017-02-19 10:51:27 Error: [MissingControllerException] Controller class CssController could not be found.
Exception Attributes: array (
  'class' => 'CssController',
  'plugin' => NULL,
)
Request URL: /css/jquery.treegrid.css
Stack Trace:
#0 E:\xampp\htdocs\rsudinhil\app\webroot\index.php(96): Dispatcher->dispatch(Object(CakeRequest), Object(CakeResponse))
#1 {main}
2017-02-19 16:51:27 Error: [MissingActionException] Action PostsController::img() could not be found.
Exception Attributes: array (
  'controller' => 'PostsController',
  'action' => 'img',
)
Request URL: /posts/img/av2.png
Stack Trace:
#0 E:\xampp\htdocs\rsudinhil\Lib\Cake\Routing\Dispatcher.php(191): Controller->invokeAction(Object(CakeRequest))
#1 E:\xampp\htdocs\rsudinhil\Lib\Cake\Routing\Dispatcher.php(165): Dispatcher->_invoke(Object(PostsController), Object(CakeRequest))
#2 E:\xampp\htdocs\rsudinhil\app\webroot\index.php(96): Dispatcher->dispatch(Object(CakeRequest), Object(CakeResponse))
#3 {main}
2017-02-19 16:51:31 Error: [MissingActionException] Action PostsController::img() could not be found.
Exception Attributes: array (
  'controller' => 'PostsController',
  'action' => 'img',
)
Request URL: /posts/img/av4.png
Stack Trace:
#0 E:\xampp\htdocs\rsudinhil\Lib\Cake\Routing\Dispatcher.php(191): Controller->invokeAction(Object(CakeRequest))
#1 E:\xampp\htdocs\rsudinhil\Lib\Cake\Routing\Dispatcher.php(165): Dispatcher->_invoke(Object(PostsController), Object(CakeRequest))
#2 E:\xampp\htdocs\rsudinhil\app\webroot\index.php(96): Dispatcher->dispatch(Object(CakeRequest), Object(CakeResponse))
#3 {main}
2017-02-19 16:51:33 Error: [MissingActionException] Action PostsController::img() could not be found.
Exception Attributes: array (
  'controller' => 'PostsController',
  'action' => 'img',
)
Request URL: /posts/img/av5.png
Stack Trace:
#0 E:\xampp\htdocs\rsudinhil\Lib\Cake\Routing\Dispatcher.php(191): Controller->invokeAction(Object(CakeRequest))
#1 E:\xampp\htdocs\rsudinhil\Lib\Cake\Routing\Dispatcher.php(165): Dispatcher->_invoke(Object(PostsController), Object(CakeRequest))
#2 E:\xampp\htdocs\rsudinhil\app\webroot\index.php(96): Dispatcher->dispatch(Object(CakeRequest), Object(CakeResponse))
#3 {main}
2017-02-19 16:51:35 Error: [MissingActionException] Action PostsController::img() could not be found.
Exception Attributes: array (
  'controller' => 'PostsController',
  'action' => 'img',
)
Request URL: /posts/img/av3.png
Stack Trace:
#0 E:\xampp\htdocs\rsudinhil\Lib\Cake\Routing\Dispatcher.php(191): Controller->invokeAction(Object(CakeRequest))
#1 E:\xampp\htdocs\rsudinhil\Lib\Cake\Routing\Dispatcher.php(165): Dispatcher->_invoke(Object(PostsController), Object(CakeRequest))
#2 E:\xampp\htdocs\rsudinhil\app\webroot\index.php(96): Dispatcher->dispatch(Object(CakeRequest), Object(CakeResponse))
#3 {main}
2017-02-19 16:51:37 Error: [MissingActionException] Action PostsController::img() could not be found.
Exception Attributes: array (
  'controller' => 'PostsController',
  'action' => 'img',
)
Request URL: /posts/img/av6.png
Stack Trace:
#0 E:\xampp\htdocs\rsudinhil\Lib\Cake\Routing\Dispatcher.php(191): Controller->invokeAction(Object(CakeRequest))
#1 E:\xampp\htdocs\rsudinhil\Lib\Cake\Routing\Dispatcher.php(165): Dispatcher->_invoke(Object(PostsController), Object(CakeRequest))
#2 E:\xampp\htdocs\rsudinhil\app\webroot\index.php(96): Dispatcher->dispatch(Object(CakeRequest), Object(CakeResponse))
#3 {main}
2017-02-19 16:51:38 Error: [MissingActionException] Action PostsController::img() could not be found.
Exception Attributes: array (
  'controller' => 'PostsController',
  'action' => 'img',
)
Request URL: /posts/img/av2.png
Stack Trace:
#0 E:\xampp\htdocs\rsudinhil\Lib\Cake\Routing\Dispatcher.php(191): Controller->invokeAction(Object(CakeRequest))
#1 E:\xampp\htdocs\rsudinhil\Lib\Cake\Routing\Dispatcher.php(165): Dispatcher->_invoke(Object(PostsController), Object(CakeRequest))
#2 E:\xampp\htdocs\rsudinhil\app\webroot\index.php(96): Dispatcher->dispatch(Object(CakeRequest), Object(CakeResponse))
#3 {main}
2017-02-19 10:53:21 Error: [MissingControllerException] Controller class Custom.cssController could not be found.
Exception Attributes: array (
  'class' => 'Custom.cssController',
  'plugin' => NULL,
)
Request URL: /custom.css
Stack Trace:
#0 E:\xampp\htdocs\rsudinhil\app\webroot\index.php(96): Dispatcher->dispatch(Object(CakeRequest), Object(CakeResponse))
#1 {main}
2017-02-19 10:53:21 Error: [MissingControllerException] Controller class CssController could not be found.
Exception Attributes: array (
  'class' => 'CssController',
  'plugin' => NULL,
)
Request URL: /css/validationEngine.jquery.css
Stack Trace:
#0 E:\xampp\htdocs\rsudinhil\app\webroot\index.php(96): Dispatcher->dispatch(Object(CakeRequest), Object(CakeResponse))
#1 {main}
2017-02-19 10:53:21 Error: [MissingControllerException] Controller class CssController could not be found.
Exception Attributes: array (
  'class' => 'CssController',
  'plugin' => NULL,
)
Request URL: /css/jquery.treegrid.css
Stack Trace:
#0 E:\xampp\htdocs\rsudinhil\app\webroot\index.php(96): Dispatcher->dispatch(Object(CakeRequest), Object(CakeResponse))
#1 {main}
2017-02-19 10:53:27 Error: [MissingControllerException] Controller class CssController could not be found.
Exception Attributes: array (
  'class' => 'CssController',
  'plugin' => NULL,
)
Request URL: /css/jquery.treegrid.css
Stack Trace:
#0 E:\xampp\htdocs\rsudinhil\app\webroot\index.php(96): Dispatcher->dispatch(Object(CakeRequest), Object(CakeResponse))
#1 {main}
2017-02-19 10:53:27 Error: [MissingControllerException] Controller class CssController could not be found.
Exception Attributes: array (
  'class' => 'CssController',
  'plugin' => NULL,
)
Request URL: /css/validationEngine.jquery.css
Stack Trace:
#0 E:\xampp\htdocs\rsudinhil\app\webroot\index.php(96): Dispatcher->dispatch(Object(CakeRequest), Object(CakeResponse))
#1 {main}
2017-02-19 10:53:36 Error: [MissingControllerException] Controller class AssetsController could not be found.
Exception Attributes: array (
  'class' => 'AssetsController',
  'plugin' => NULL,
)
Request URL: /assets/images/page-header-bg.jpg
Stack Trace:
#0 E:\xampp\htdocs\rsudinhil\app\webroot\index.php(96): Dispatcher->dispatch(Object(CakeRequest), Object(CakeResponse))
#1 {main}
2017-02-19 10:54:37 Error: [MissingControllerException] Controller class AssetsController could not be found.
Exception Attributes: array (
  'class' => 'AssetsController',
  'plugin' => NULL,
)
Request URL: /assets/images/page-header-bg.jpg
Stack Trace:
#0 E:\xampp\htdocs\rsudinhil\app\webroot\index.php(96): Dispatcher->dispatch(Object(CakeRequest), Object(CakeResponse))
#1 {main}
2017-02-19 16:58:52 Error: Fatal Error (4): syntax error, unexpected 'order' (T_STRING), expecting ']' in [E:\xampp\htdocs\rsudinhil\app\Controller\BlogController.php, line 23]
2017-02-19 16:58:52 Error: [InternalErrorException] Internal Server Error
Request URL: /Notifications/get_all
Stack Trace:
#0 E:\xampp\htdocs\rsudinhil\Lib\Cake\Error\ErrorHandler.php(203): ErrorHandler::handleFatalError(4, 'syntax error, u...', 'E:\\xampp\\htdocs...', 23)
#1 [internal function]: ErrorHandler::handleError(4, 'syntax error, u...', 'E:\\xampp\\htdocs...', 23, Array)
#2 E:\xampp\htdocs\rsudinhil\Lib\Cake\Core\App.php(929): call_user_func('ErrorHandler::h...', 4, 'syntax error, u...', 'E:\\xampp\\htdocs...', 23, Array)
#3 E:\xampp\htdocs\rsudinhil\Lib\Cake\Core\App.php(902): App::_checkFatalError()
#4 [internal function]: App::shutdown()
#5 {main}
2017-02-19 16:59:02 Error: Fatal Error (4): syntax error, unexpected 'order' (T_STRING), expecting ']' in [E:\xampp\htdocs\rsudinhil\app\Controller\BlogController.php, line 23]
2017-02-19 16:59:02 Error: [InternalErrorException] Internal Server Error
Request URL: /Notifications/get_all
Stack Trace:
#0 E:\xampp\htdocs\rsudinhil\Lib\Cake\Error\ErrorHandler.php(203): ErrorHandler::handleFatalError(4, 'syntax error, u...', 'E:\\xampp\\htdocs...', 23)
#1 [internal function]: ErrorHandler::handleError(4, 'syntax error, u...', 'E:\\xampp\\htdocs...', 23, Array)
#2 E:\xampp\htdocs\rsudinhil\Lib\Cake\Core\App.php(929): call_user_func('ErrorHandler::h...', 4, 'syntax error, u...', 'E:\\xampp\\htdocs...', 23, Array)
#3 E:\xampp\htdocs\rsudinhil\Lib\Cake\Core\App.php(902): App::_checkFatalError()
#4 [internal function]: App::shutdown()
#5 {main}
2017-02-19 16:59:52 Error: Fatal Error (4): syntax error, unexpected ')', expecting ']' in [E:\xampp\htdocs\rsudinhil\app\Controller\BlogController.php, line 23]
2017-02-19 16:59:52 Error: [InternalErrorException] Internal Server Error
Request URL: /Notifications/get_all
Stack Trace:
#0 E:\xampp\htdocs\rsudinhil\Lib\Cake\Error\ErrorHandler.php(203): ErrorHandler::handleFatalError(4, 'syntax error, u...', 'E:\\xampp\\htdocs...', 23)
#1 [internal function]: ErrorHandler::handleError(4, 'syntax error, u...', 'E:\\xampp\\htdocs...', 23, Array)
#2 E:\xampp\htdocs\rsudinhil\Lib\Cake\Core\App.php(929): call_user_func('ErrorHandler::h...', 4, 'syntax error, u...', 'E:\\xampp\\htdocs...', 23, Array)
#3 E:\xampp\htdocs\rsudinhil\Lib\Cake\Core\App.php(902): App::_checkFatalError()
#4 [internal function]: App::shutdown()
#5 {main}
2017-02-19 11:02:36 Error: [MissingControllerException] Controller class AssetsController could not be found.
Exception Attributes: array (
  'class' => 'AssetsController',
  'plugin' => NULL,
)
Request URL: /assets/images/page-header-bg.jpg
Stack Trace:
#0 E:\xampp\htdocs\rsudinhil\app\webroot\index.php(96): Dispatcher->dispatch(Object(CakeRequest), Object(CakeResponse))
#1 {main}
2017-02-19 11:06:08 Error: [MissingControllerException] Controller class CssController could not be found.
Exception Attributes: array (
  'class' => 'CssController',
  'plugin' => NULL,
)
Request URL: /css/jquery.treegrid.css
Stack Trace:
#0 E:\xampp\htdocs\rsudinhil\app\webroot\index.php(96): Dispatcher->dispatch(Object(CakeRequest), Object(CakeResponse))
#1 {main}
2017-02-19 11:06:08 Error: [MissingControllerException] Controller class Custom.cssController could not be found.
Exception Attributes: array (
  'class' => 'Custom.cssController',
  'plugin' => NULL,
)
Request URL: /custom.css
Stack Trace:
#0 E:\xampp\htdocs\rsudinhil\app\webroot\index.php(96): Dispatcher->dispatch(Object(CakeRequest), Object(CakeResponse))
#1 {main}
2017-02-19 11:06:08 Error: [MissingControllerException] Controller class CssController could not be found.
Exception Attributes: array (
  'class' => 'CssController',
  'plugin' => NULL,
)
Request URL: /css/validationEngine.jquery.css
Stack Trace:
#0 E:\xampp\htdocs\rsudinhil\app\webroot\index.php(96): Dispatcher->dispatch(Object(CakeRequest), Object(CakeResponse))
#1 {main}
2017-02-19 11:06:38 Error: [MissingControllerException] Controller class AssetsController could not be found.
Exception Attributes: array (
  'class' => 'AssetsController',
  'plugin' => NULL,
)
Request URL: /assets/images/homepages/index/slide1-thumb.jpg
Stack Trace:
#0 E:\xampp\htdocs\rsudinhil\app\webroot\index.php(96): Dispatcher->dispatch(Object(CakeRequest), Object(CakeResponse))
#1 {main}
2017-02-19 11:06:38 Error: [MissingControllerException] Controller class AssetsController could not be found.
Exception Attributes: array (
  'class' => 'AssetsController',
  'plugin' => NULL,
)
Request URL: /assets/images/homepages/index/slide2-thumb.jpg
Stack Trace:
#0 E:\xampp\htdocs\rsudinhil\app\webroot\index.php(96): Dispatcher->dispatch(Object(CakeRequest), Object(CakeResponse))
#1 {main}
2017-02-19 11:09:00 Error: [MissingControllerException] Controller class AssetsController could not be found.
Exception Attributes: array (
  'class' => 'AssetsController',
  'plugin' => NULL,
)
Request URL: /assets/images/homepages/index/slide1-thumb.jpg
Stack Trace:
#0 E:\xampp\htdocs\rsudinhil\app\webroot\index.php(96): Dispatcher->dispatch(Object(CakeRequest), Object(CakeResponse))
#1 {main}
2017-02-19 11:09:01 Error: [MissingControllerException] Controller class AssetsController could not be found.
Exception Attributes: array (
  'class' => 'AssetsController',
  'plugin' => NULL,
)
Request URL: /assets/images/homepages/index/slide2-thumb.jpg
Stack Trace:
#0 E:\xampp\htdocs\rsudinhil\app\webroot\index.php(96): Dispatcher->dispatch(Object(CakeRequest), Object(CakeResponse))
#1 {main}
2017-02-19 11:09:18 Error: [MissingControllerException] Controller class AssetsController could not be found.
Exception Attributes: array (
  'class' => 'AssetsController',
  'plugin' => NULL,
)
Request URL: /assets/images/page-header-bg.jpg
Stack Trace:
#0 E:\xampp\htdocs\rsudinhil\app\webroot\index.php(96): Dispatcher->dispatch(Object(CakeRequest), Object(CakeResponse))
#1 {main}
2017-02-19 11:09:40 Error: [MissingControllerException] Controller class AssetsController could not be found.
Exception Attributes: array (
  'class' => 'AssetsController',
  'plugin' => NULL,
)
Request URL: /assets/images/page-header-bg.jpg
Stack Trace:
#0 E:\xampp\htdocs\rsudinhil\app\webroot\index.php(96): Dispatcher->dispatch(Object(CakeRequest), Object(CakeResponse))
#1 {main}
2017-02-19 11:09:47 Error: [MissingControllerException] Controller class AssetsController could not be found.
Exception Attributes: array (
  'class' => 'AssetsController',
  'plugin' => NULL,
)
Request URL: /assets/images/page-header-bg.jpg
Stack Trace:
#0 E:\xampp\htdocs\rsudinhil\app\webroot\index.php(96): Dispatcher->dispatch(Object(CakeRequest), Object(CakeResponse))
#1 {main}
2017-02-19 13:00:09 Error: [MissingControllerException] Controller class CssController could not be found.
Exception Attributes: array (
  'class' => 'CssController',
  'plugin' => NULL,
)
Request URL: /css/jquery.treegrid.css
Stack Trace:
#0 E:\xampp\htdocs\rsudinhil\app\webroot\index.php(96): Dispatcher->dispatch(Object(CakeRequest), Object(CakeResponse))
#1 {main}
 {main}
2017-02-19 13:00:09 Error: [MissingControllerException] Controller class Custom.cssController could not be found.
Exception Attributes: array (
  'class' => 'Custom.cssController',
  'plugin' => NULL,
)
Request URL: /custom.css
Stack Trace:
#0 E:\xampp\htdocs\rsudinhil\app\webroot\index.php(96): Dispatcher->dispatch(Object(CakeRequest), Object(CakeResponse))
#1 {main}
2017-02-19 13:19:30 Error: [MissingControllerException] Controller class AssetsController could not be found.
Exception Attributes: array (
  'class' => 'AssetsController',
  'plugin' => NULL,
)
Request URL: /assets/images/page-header-bg.jpg
Stack Trace:
#0 E:\xampp\htdocs\rsudinhil\app\webroot\index.php(96): Dispatcher->dispatch(Object(CakeRequest), Object(CakeResponse))
#1 {main}
2017-02-19 13:19:34 Error: [MissingControllerException] Controller class Custom.cssController could not be found.
Exception Attributes: array (
  'class' => 'Custom.cssController',
  'plugin' => NULL,
)
Request URL: /custom.css
Stack Trace:
#0 E:\xampp\htdocs\rsudinhil\app\webroot\index.php(96): Dispatcher->dispatch(Object(CakeRequest), Object(CakeResponse))
#1 {main}
2017-02-19 13:19:34 Error: [MissingControllerException] Controller class CssController could not be found.
Exception Attributes: array (
  'class' => 'CssController',
  'plugin' => NULL,
)
Request URL: /css/jquery.treegrid.css
Stack Trace:
#0 E:\xampp\htdocs\rsudinhil\app\webroot\index.php(96): Dispatcher->dispatch(Object(CakeRequest), Object(CakeResponse))
#1 {main}
2017-02-19 13:19:34 Error: [MissingControllerException] Controller class CssController could not be found.
Exception Attributes: array (
  'class' => 'CssController',
  'plugin' => NULL,
)
Request URL: /css/validationEngine.jquery.css
Stack Trace:
#0 E:\xampp\htdocs\rsudinhil\app\webroot\index.php(96): Dispatcher->dispatch(Object(CakeRequest), Object(CakeResponse))
#1 {main}
2017-02-19 13:19:36 Error: [MissingControllerException] Controller class Custom.cssController could not be found.
Exception Attributes: array (
  'class' => 'Custom.cssController',
  'plugin' => NULL,
)
Request URL: /custom.css
Stack Trace:
#0 E:\xampp\htdocs\rsudinhil\app\webroot\index.php(96): Dispatcher->dispatch(Object(CakeRequest), Object(CakeResponse))
#1 {main}
2017-02-19 13:19:38 Error: [MissingControllerException] Controller class CssController could not be found.
Exception Attributes: array (
  'class' => 'CssController',
  'plugin' => NULL,
)
Request URL: /css/validationEngine.jquery.css
Stack Trace:
#0 E:\xampp\htdocs\rsudinhil\app\webroot\index.php(96): Dispatcher->dispatch(Object(CakeRequest), Object(CakeResponse))
#1 {main}
2017-02-19 13:19:40 Error: [MissingControllerException] Controller class AssetsController could not be found.
Exception Attributes: array (
  'class' => 'AssetsController',
  'plugin' => NULL,
)
Request URL: /assets/images/page-header-bg.jpg
Stack Trace:
#0 E:\xampp\htdocs\rsudinhil\app\webroot\index.php(96): Dispatcher->dispatch(Object(CakeRequest), Object(CakeResponse))
#1 {main}
