2017-02-18 13:18:37 Error: [MissingControllerException] Controller class AdminController could not be found.
Exception Attributes: array (
  'class' => 'AdminController',
  'plugin' => NULL,
)
Request URL: /rsudinhil/admin
Stack Trace:
#0 /var/www/html/rsudinhil/webroot/index.php(111): Dispatcher->dispatch(Object(CakeRequest), Object(CakeResponse))
#1 {main}
2017-02-18 13:19:58 Error: [MissingActionException] Action AdminController::index() could not be found.
Exception Attributes: array (
  'controller' => 'AdminController',
  'action' => 'index',
)
Request URL: /rsudinhil/admin
Stack Trace:
#0 /var/www/html/rsudinhil/Vendor/cakephp/cakephp/lib/Cake/Routing/Dispatcher.php(193): Controller->invokeAction(Object(CakeRequest))
#1 /var/www/html/rsudinhil/Vendor/cakephp/cakephp/lib/Cake/Routing/Dispatcher.php(167): Dispatcher->_invoke(Object(AdminController), Object(CakeRequest))
#2 /var/www/html/rsudinhil/webroot/index.php(111): Dispatcher->dispatch(Object(CakeRequest), Object(CakeResponse))
#3 {main}
2017-02-18 13:20:12 Error: [MissingViewException] View file "Admin/index.ctp" is missing.
Exception Attributes: array (
  'file' => 'Admin/index.ctp',
)
Request URL: /rsudinhil/admin
Stack Trace:
#0 /var/www/html/rsudinhil/Vendor/cakephp/cakephp/lib/Cake/View/View.php(470): View->_getViewFileName(NULL)
#1 /var/www/html/rsudinhil/Vendor/cakephp/cakephp/lib/Cake/Controller/Controller.php(963): View->render(NULL, NULL)
#2 /var/www/html/rsudinhil/Vendor/cakephp/cakephp/lib/Cake/Routing/Dispatcher.php(200): Controller->render()
#3 /var/www/html/rsudinhil/Vendor/cakephp/cakephp/lib/Cake/Routing/Dispatcher.php(167): Dispatcher->_invoke(Object(AdminController), Object(CakeRequest))
#4 /var/www/html/rsudinhil/webroot/index.php(111): Dispatcher->dispatch(Object(CakeRequest), Object(CakeResponse))
#5 {main}
2017-02-18 13:20:30 Error: [MissingControllerException] Controller class SysadminController could not be found.
Exception Attributes: array (
  'class' => 'SysadminController',
  'plugin' => NULL,
)
Request URL: /rsudinhil/sysadmin
Stack Trace:
#0 /var/www/html/rsudinhil/webroot/index.php(111): Dispatcher->dispatch(Object(CakeRequest), Object(CakeResponse))
#1 {main}
2017-02-18 13:22:21 Error: [MissingViewException] View file "Sysadmin/index.ctp" is missing.
Exception Attributes: array (
  'file' => 'Sysadmin/index.ctp',
)
Request URL: /rsudinhil/sysadmin
Stack Trace:
#0 /var/www/html/rsudinhil/Vendor/cakephp/cakephp/lib/Cake/View/View.php(470): View->_getViewFileName(NULL)
#1 /var/www/html/rsudinhil/Vendor/cakephp/cakephp/lib/Cake/Controller/Controller.php(963): View->render(NULL, NULL)
#2 /var/www/html/rsudinhil/Vendor/cakephp/cakephp/lib/Cake/Routing/Dispatcher.php(200): Controller->render()
#3 /var/www/html/rsudinhil/Vendor/cakephp/cakephp/lib/Cake/Routing/Dispatcher.php(167): Dispatcher->_invoke(Object(SysadminController), Object(CakeRequest))
#4 /var/www/html/rsudinhil/webroot/index.php(111): Dispatcher->dispatch(Object(CakeRequest), Object(CakeResponse))
#5 {main}
